make  all-am
make[1]: Entering directory '/home/lxh/Projects/NSPA/open-source-soft/htop-master'
depbase=`echo htop.o | sed 's|[^/]*$|.deps/&|;s|\.o$||'`;\
/home/lxh/Projects/NSPA/workspace/htop-bc/wrappers/clang-bc -DHAVE_CONFIG_H -I.  -I/usr/include/libunwind -DNDEBUG  -std=c99 -pedantic -D_DEFAULT_SOURCE -D_XOPEN_SOURCE=600  -Wall -Wcast-align -Wcast-qual -Wextra -Wfloat-equal -Wformat=2 -Winit-self -Wmissing-format-attribute -Wmissing-noreturn -Wmissing-prototypes -Wpointer-arith -Wshadow -Wstrict-prototypes -Wundef -Wunused -Wwrite-strings -Wextra-semi-stmt -Wimplicit-int-conversion -Wnull-dereference -DSYSCONFDIR="\"/usr/local/etc\"" -I"./linux" -O0 -g -MT htop.o -MD -MP -MF $depbase.Tpo -c -o htop.o htop.c &&\
mv -f $depbase.Tpo $depbase.Po
depbase=`echo Action.o | sed 's|[^/]*$|.deps/&|;s|\.o$||'`;\
/home/lxh/Projects/NSPA/workspace/htop-bc/wrappers/clang-bc -DHAVE_CONFIG_H -I.  -I/usr/include/libunwind -DNDEBUG  -std=c99 -pedantic -D_DEFAULT_SOURCE -D_XOPEN_SOURCE=600  -Wall -Wcast-align -Wcast-qual -Wextra -Wfloat-equal -Wformat=2 -Winit-self -Wmissing-format-attribute -Wmissing-noreturn -Wmissing-prototypes -Wpointer-arith -Wshadow -Wstrict-prototypes -Wundef -Wunused -Wwrite-strings -Wextra-semi-stmt -Wimplicit-int-conversion -Wnull-dereference -DSYSCONFDIR="\"/usr/local/etc\"" -I"./linux" -O0 -g -MT Action.o -MD -MP -MF $depbase.Tpo -c -o Action.o Action.c &&\
mv -f $depbase.Tpo $depbase.Po
depbase=`echo Affinity.o | sed 's|[^/]*$|.deps/&|;s|\.o$||'`;\
/home/lxh/Projects/NSPA/workspace/htop-bc/wrappers/clang-bc -DHAVE_CONFIG_H -I.  -I/usr/include/libunwind -DNDEBUG  -std=c99 -pedantic -D_DEFAULT_SOURCE -D_XOPEN_SOURCE=600  -Wall -Wcast-align -Wcast-qual -Wextra -Wfloat-equal -Wformat=2 -Winit-self -Wmissing-format-attribute -Wmissing-noreturn -Wmissing-prototypes -Wpointer-arith -Wshadow -Wstrict-prototypes -Wundef -Wunused -Wwrite-strings -Wextra-semi-stmt -Wimplicit-int-conversion -Wnull-dereference -DSYSCONFDIR="\"/usr/local/etc\"" -I"./linux" -O0 -g -MT Affinity.o -MD -MP -MF $depbase.Tpo -c -o Affinity.o Affinity.c &&\
mv -f $depbase.Tpo $depbase.Po
depbase=`echo AffinityPanel.o | sed 's|[^/]*$|.deps/&|;s|\.o$||'`;\
/home/lxh/Projects/NSPA/workspace/htop-bc/wrappers/clang-bc -DHAVE_CONFIG_H -I.  -I/usr/include/libunwind -DNDEBUG  -std=c99 -pedantic -D_DEFAULT_SOURCE -D_XOPEN_SOURCE=600  -Wall -Wcast-align -Wcast-qual -Wextra -Wfloat-equal -Wformat=2 -Winit-self -Wmissing-format-attribute -Wmissing-noreturn -Wmissing-prototypes -Wpointer-arith -Wshadow -Wstrict-prototypes -Wundef -Wunused -Wwrite-strings -Wextra-semi-stmt -Wimplicit-int-conversion -Wnull-dereference -DSYSCONFDIR="\"/usr/local/etc\"" -I"./linux" -O0 -g -MT AffinityPanel.o -MD -MP -MF $depbase.Tpo -c -o AffinityPanel.o AffinityPanel.c &&\
mv -f $depbase.Tpo $depbase.Po
depbase=`echo AvailableColumnsPanel.o | sed 's|[^/]*$|.deps/&|;s|\.o$||'`;\
/home/lxh/Projects/NSPA/workspace/htop-bc/wrappers/clang-bc -DHAVE_CONFIG_H -I.  -I/usr/include/libunwind -DNDEBUG  -std=c99 -pedantic -D_DEFAULT_SOURCE -D_XOPEN_SOURCE=600  -Wall -Wcast-align -Wcast-qual -Wextra -Wfloat-equal -Wformat=2 -Winit-self -Wmissing-format-attribute -Wmissing-noreturn -Wmissing-prototypes -Wpointer-arith -Wshadow -Wstrict-prototypes -Wundef -Wunused -Wwrite-strings -Wextra-semi-stmt -Wimplicit-int-conversion -Wnull-dereference -DSYSCONFDIR="\"/usr/local/etc\"" -I"./linux" -O0 -g -MT AvailableColumnsPanel.o -MD -MP -MF $depbase.Tpo -c -o AvailableColumnsPanel.o AvailableColumnsPanel.c &&\
mv -f $depbase.Tpo $depbase.Po
depbase=`echo AvailableMetersPanel.o | sed 's|[^/]*$|.deps/&|;s|\.o$||'`;\
/home/lxh/Projects/NSPA/workspace/htop-bc/wrappers/clang-bc -DHAVE_CONFIG_H -I.  -I/usr/include/libunwind -DNDEBUG  -std=c99 -pedantic -D_DEFAULT_SOURCE -D_XOPEN_SOURCE=600  -Wall -Wcast-align -Wcast-qual -Wextra -Wfloat-equal -Wformat=2 -Winit-self -Wmissing-format-attribute -Wmissing-noreturn -Wmissing-prototypes -Wpointer-arith -Wshadow -Wstrict-prototypes -Wundef -Wunused -Wwrite-strings -Wextra-semi-stmt -Wimplicit-int-conversion -Wnull-dereference -DSYSCONFDIR="\"/usr/local/etc\"" -I"./linux" -O0 -g -MT AvailableMetersPanel.o -MD -MP -MF $depbase.Tpo -c -o AvailableMetersPanel.o AvailableMetersPanel.c &&\
mv -f $depbase.Tpo $depbase.Po
depbase=`echo BatteryMeter.o | sed 's|[^/]*$|.deps/&|;s|\.o$||'`;\
/home/lxh/Projects/NSPA/workspace/htop-bc/wrappers/clang-bc -DHAVE_CONFIG_H -I.  -I/usr/include/libunwind -DNDEBUG  -std=c99 -pedantic -D_DEFAULT_SOURCE -D_XOPEN_SOURCE=600  -Wall -Wcast-align -Wcast-qual -Wextra -Wfloat-equal -Wformat=2 -Winit-self -Wmissing-format-attribute -Wmissing-noreturn -Wmissing-prototypes -Wpointer-arith -Wshadow -Wstrict-prototypes -Wundef -Wunused -Wwrite-strings -Wextra-semi-stmt -Wimplicit-int-conversion -Wnull-dereference -DSYSCONFDIR="\"/usr/local/etc\"" -I"./linux" -O0 -g -MT BatteryMeter.o -MD -MP -MF $depbase.Tpo -c -o BatteryMeter.o BatteryMeter.c &&\
mv -f $depbase.Tpo $depbase.Po
depbase=`echo CategoriesPanel.o | sed 's|[^/]*$|.deps/&|;s|\.o$||'`;\
/home/lxh/Projects/NSPA/workspace/htop-bc/wrappers/clang-bc -DHAVE_CONFIG_H -I.  -I/usr/include/libunwind -DNDEBUG  -std=c99 -pedantic -D_DEFAULT_SOURCE -D_XOPEN_SOURCE=600  -Wall -Wcast-align -Wcast-qual -Wextra -Wfloat-equal -Wformat=2 -Winit-self -Wmissing-format-attribute -Wmissing-noreturn -Wmissing-prototypes -Wpointer-arith -Wshadow -Wstrict-prototypes -Wundef -Wunused -Wwrite-strings -Wextra-semi-stmt -Wimplicit-int-conversion -Wnull-dereference -DSYSCONFDIR="\"/usr/local/etc\"" -I"./linux" -O0 -g -MT CategoriesPanel.o -MD -MP -MF $depbase.Tpo -c -o CategoriesPanel.o CategoriesPanel.c &&\
mv -f $depbase.Tpo $depbase.Po
depbase=`echo ColorsPanel.o | sed 's|[^/]*$|.deps/&|;s|\.o$||'`;\
/home/lxh/Projects/NSPA/workspace/htop-bc/wrappers/clang-bc -DHAVE_CONFIG_H -I.  -I/usr/include/libunwind -DNDEBUG  -std=c99 -pedantic -D_DEFAULT_SOURCE -D_XOPEN_SOURCE=600  -Wall -Wcast-align -Wcast-qual -Wextra -Wfloat-equal -Wformat=2 -Winit-self -Wmissing-format-attribute -Wmissing-noreturn -Wmissing-prototypes -Wpointer-arith -Wshadow -Wstrict-prototypes -Wundef -Wunused -Wwrite-strings -Wextra-semi-stmt -Wimplicit-int-conversion -Wnull-dereference -DSYSCONFDIR="\"/usr/local/etc\"" -I"./linux" -O0 -g -MT ColorsPanel.o -MD -MP -MF $depbase.Tpo -c -o ColorsPanel.o ColorsPanel.c &&\
mv -f $depbase.Tpo $depbase.Po
depbase=`echo ColumnsPanel.o | sed 's|[^/]*$|.deps/&|;s|\.o$||'`;\
/home/lxh/Projects/NSPA/workspace/htop-bc/wrappers/clang-bc -DHAVE_CONFIG_H -I.  -I/usr/include/libunwind -DNDEBUG  -std=c99 -pedantic -D_DEFAULT_SOURCE -D_XOPEN_SOURCE=600  -Wall -Wcast-align -Wcast-qual -Wextra -Wfloat-equal -Wformat=2 -Winit-self -Wmissing-format-attribute -Wmissing-noreturn -Wmissing-prototypes -Wpointer-arith -Wshadow -Wstrict-prototypes -Wundef -Wunused -Wwrite-strings -Wextra-semi-stmt -Wimplicit-int-conversion -Wnull-dereference -DSYSCONFDIR="\"/usr/local/etc\"" -I"./linux" -O0 -g -MT ColumnsPanel.o -MD -MP -MF $depbase.Tpo -c -o ColumnsPanel.o ColumnsPanel.c &&\
mv -f $depbase.Tpo $depbase.Po
depbase=`echo CommandLine.o | sed 's|[^/]*$|.deps/&|;s|\.o$||'`;\
/home/lxh/Projects/NSPA/workspace/htop-bc/wrappers/clang-bc -DHAVE_CONFIG_H -I.  -I/usr/include/libunwind -DNDEBUG  -std=c99 -pedantic -D_DEFAULT_SOURCE -D_XOPEN_SOURCE=600  -Wall -Wcast-align -Wcast-qual -Wextra -Wfloat-equal -Wformat=2 -Winit-self -Wmissing-format-attribute -Wmissing-noreturn -Wmissing-prototypes -Wpointer-arith -Wshadow -Wstrict-prototypes -Wundef -Wunused -Wwrite-strings -Wextra-semi-stmt -Wimplicit-int-conversion -Wnull-dereference -DSYSCONFDIR="\"/usr/local/etc\"" -I"./linux" -O0 -g -MT CommandLine.o -MD -MP -MF $depbase.Tpo -c -o CommandLine.o CommandLine.c &&\
mv -f $depbase.Tpo $depbase.Po
depbase=`echo CommandScreen.o | sed 's|[^/]*$|.deps/&|;s|\.o$||'`;\
/home/lxh/Projects/NSPA/workspace/htop-bc/wrappers/clang-bc -DHAVE_CONFIG_H -I.  -I/usr/include/libunwind -DNDEBUG  -std=c99 -pedantic -D_DEFAULT_SOURCE -D_XOPEN_SOURCE=600  -Wall -Wcast-align -Wcast-qual -Wextra -Wfloat-equal -Wformat=2 -Winit-self -Wmissing-format-attribute -Wmissing-noreturn -Wmissing-prototypes -Wpointer-arith -Wshadow -Wstrict-prototypes -Wundef -Wunused -Wwrite-strings -Wextra-semi-stmt -Wimplicit-int-conversion -Wnull-dereference -DSYSCONFDIR="\"/usr/local/etc\"" -I"./linux" -O0 -g -MT CommandScreen.o -MD -MP -MF $depbase.Tpo -c -o CommandScreen.o CommandScreen.c &&\
mv -f $depbase.Tpo $depbase.Po
depbase=`echo CPUMeter.o | sed 's|[^/]*$|.deps/&|;s|\.o$||'`;\
/home/lxh/Projects/NSPA/workspace/htop-bc/wrappers/clang-bc -DHAVE_CONFIG_H -I.  -I/usr/include/libunwind -DNDEBUG  -std=c99 -pedantic -D_DEFAULT_SOURCE -D_XOPEN_SOURCE=600  -Wall -Wcast-align -Wcast-qual -Wextra -Wfloat-equal -Wformat=2 -Winit-self -Wmissing-format-attribute -Wmissing-noreturn -Wmissing-prototypes -Wpointer-arith -Wshadow -Wstrict-prototypes -Wundef -Wunused -Wwrite-strings -Wextra-semi-stmt -Wimplicit-int-conversion -Wnull-dereference -DSYSCONFDIR="\"/usr/local/etc\"" -I"./linux" -O0 -g -MT CPUMeter.o -MD -MP -MF $depbase.Tpo -c -o CPUMeter.o CPUMeter.c &&\
mv -f $depbase.Tpo $depbase.Po
depbase=`echo CRT.o | sed 's|[^/]*$|.deps/&|;s|\.o$||'`;\
/home/lxh/Projects/NSPA/workspace/htop-bc/wrappers/clang-bc -DHAVE_CONFIG_H -I.  -I/usr/include/libunwind -DNDEBUG  -std=c99 -pedantic -D_DEFAULT_SOURCE -D_XOPEN_SOURCE=600  -Wall -Wcast-align -Wcast-qual -Wextra -Wfloat-equal -Wformat=2 -Winit-self -Wmissing-format-attribute -Wmissing-noreturn -Wmissing-prototypes -Wpointer-arith -Wshadow -Wstrict-prototypes -Wundef -Wunused -Wwrite-strings -Wextra-semi-stmt -Wimplicit-int-conversion -Wnull-dereference -DSYSCONFDIR="\"/usr/local/etc\"" -I"./linux" -O0 -g -MT CRT.o -MD -MP -MF $depbase.Tpo -c -o CRT.o CRT.c &&\
mv -f $depbase.Tpo $depbase.Po
depbase=`echo DateTimeMeter.o | sed 's|[^/]*$|.deps/&|;s|\.o$||'`;\
/home/lxh/Projects/NSPA/workspace/htop-bc/wrappers/clang-bc -DHAVE_CONFIG_H -I.  -I/usr/include/libunwind -DNDEBUG  -std=c99 -pedantic -D_DEFAULT_SOURCE -D_XOPEN_SOURCE=600  -Wall -Wcast-align -Wcast-qual -Wextra -Wfloat-equal -Wformat=2 -Winit-self -Wmissing-format-attribute -Wmissing-noreturn -Wmissing-prototypes -Wpointer-arith -Wshadow -Wstrict-prototypes -Wundef -Wunused -Wwrite-strings -Wextra-semi-stmt -Wimplicit-int-conversion -Wnull-dereference -DSYSCONFDIR="\"/usr/local/etc\"" -I"./linux" -O0 -g -MT DateTimeMeter.o -MD -MP -MF $depbase.Tpo -c -o DateTimeMeter.o DateTimeMeter.c &&\
mv -f $depbase.Tpo $depbase.Po
depbase=`echo DiskIOMeter.o | sed 's|[^/]*$|.deps/&|;s|\.o$||'`;\
/home/lxh/Projects/NSPA/workspace/htop-bc/wrappers/clang-bc -DHAVE_CONFIG_H -I.  -I/usr/include/libunwind -DNDEBUG  -std=c99 -pedantic -D_DEFAULT_SOURCE -D_XOPEN_SOURCE=600  -Wall -Wcast-align -Wcast-qual -Wextra -Wfloat-equal -Wformat=2 -Winit-self -Wmissing-format-attribute -Wmissing-noreturn -Wmissing-prototypes -Wpointer-arith -Wshadow -Wstrict-prototypes -Wundef -Wunused -Wwrite-strings -Wextra-semi-stmt -Wimplicit-int-conversion -Wnull-dereference -DSYSCONFDIR="\"/usr/local/etc\"" -I"./linux" -O0 -g -MT DiskIOMeter.o -MD -MP -MF $depbase.Tpo -c -o DiskIOMeter.o DiskIOMeter.c &&\
mv -f $depbase.Tpo $depbase.Po
depbase=`echo DisplayOptionsPanel.o | sed 's|[^/]*$|.deps/&|;s|\.o$||'`;\
/home/lxh/Projects/NSPA/workspace/htop-bc/wrappers/clang-bc -DHAVE_CONFIG_H -I.  -I/usr/include/libunwind -DNDEBUG  -std=c99 -pedantic -D_DEFAULT_SOURCE -D_XOPEN_SOURCE=600  -Wall -Wcast-align -Wcast-qual -Wextra -Wfloat-equal -Wformat=2 -Winit-self -Wmissing-format-attribute -Wmissing-noreturn -Wmissing-prototypes -Wpointer-arith -Wshadow -Wstrict-prototypes -Wundef -Wunused -Wwrite-strings -Wextra-semi-stmt -Wimplicit-int-conversion -Wnull-dereference -DSYSCONFDIR="\"/usr/local/etc\"" -I"./linux" -O0 -g -MT DisplayOptionsPanel.o -MD -MP -MF $depbase.Tpo -c -o DisplayOptionsPanel.o DisplayOptionsPanel.c &&\
mv -f $depbase.Tpo $depbase.Po
depbase=`echo DynamicColumn.o | sed 's|[^/]*$|.deps/&|;s|\.o$||'`;\
/home/lxh/Projects/NSPA/workspace/htop-bc/wrappers/clang-bc -DHAVE_CONFIG_H -I.  -I/usr/include/libunwind -DNDEBUG  -std=c99 -pedantic -D_DEFAULT_SOURCE -D_XOPEN_SOURCE=600  -Wall -Wcast-align -Wcast-qual -Wextra -Wfloat-equal -Wformat=2 -Winit-self -Wmissing-format-attribute -Wmissing-noreturn -Wmissing-prototypes -Wpointer-arith -Wshadow -Wstrict-prototypes -Wundef -Wunused -Wwrite-strings -Wextra-semi-stmt -Wimplicit-int-conversion -Wnull-dereference -DSYSCONFDIR="\"/usr/local/etc\"" -I"./linux" -O0 -g -MT DynamicColumn.o -MD -MP -MF $depbase.Tpo -c -o DynamicColumn.o DynamicColumn.c &&\
mv -f $depbase.Tpo $depbase.Po
depbase=`echo DynamicMeter.o | sed 's|[^/]*$|.deps/&|;s|\.o$||'`;\
/home/lxh/Projects/NSPA/workspace/htop-bc/wrappers/clang-bc -DHAVE_CONFIG_H -I.  -I/usr/include/libunwind -DNDEBUG  -std=c99 -pedantic -D_DEFAULT_SOURCE -D_XOPEN_SOURCE=600  -Wall -Wcast-align -Wcast-qual -Wextra -Wfloat-equal -Wformat=2 -Winit-self -Wmissing-format-attribute -Wmissing-noreturn -Wmissing-prototypes -Wpointer-arith -Wshadow -Wstrict-prototypes -Wundef -Wunused -Wwrite-strings -Wextra-semi-stmt -Wimplicit-int-conversion -Wnull-dereference -DSYSCONFDIR="\"/usr/local/etc\"" -I"./linux" -O0 -g -MT DynamicMeter.o -MD -MP -MF $depbase.Tpo -c -o DynamicMeter.o DynamicMeter.c &&\
mv -f $depbase.Tpo $depbase.Po
depbase=`echo DynamicScreen.o | sed 's|[^/]*$|.deps/&|;s|\.o$||'`;\
/home/lxh/Projects/NSPA/workspace/htop-bc/wrappers/clang-bc -DHAVE_CONFIG_H -I.  -I/usr/include/libunwind -DNDEBUG  -std=c99 -pedantic -D_DEFAULT_SOURCE -D_XOPEN_SOURCE=600  -Wall -Wcast-align -Wcast-qual -Wextra -Wfloat-equal -Wformat=2 -Winit-self -Wmissing-format-attribute -Wmissing-noreturn -Wmissing-prototypes -Wpointer-arith -Wshadow -Wstrict-prototypes -Wundef -Wunused -Wwrite-strings -Wextra-semi-stmt -Wimplicit-int-conversion -Wnull-dereference -DSYSCONFDIR="\"/usr/local/etc\"" -I"./linux" -O0 -g -MT DynamicScreen.o -MD -MP -MF $depbase.Tpo -c -o DynamicScreen.o DynamicScreen.c &&\
mv -f $depbase.Tpo $depbase.Po
depbase=`echo EnvScreen.o | sed 's|[^/]*$|.deps/&|;s|\.o$||'`;\
/home/lxh/Projects/NSPA/workspace/htop-bc/wrappers/clang-bc -DHAVE_CONFIG_H -I.  -I/usr/include/libunwind -DNDEBUG  -std=c99 -pedantic -D_DEFAULT_SOURCE -D_XOPEN_SOURCE=600  -Wall -Wcast-align -Wcast-qual -Wextra -Wfloat-equal -Wformat=2 -Winit-self -Wmissing-format-attribute -Wmissing-noreturn -Wmissing-prototypes -Wpointer-arith -Wshadow -Wstrict-prototypes -Wundef -Wunused -Wwrite-strings -Wextra-semi-stmt -Wimplicit-int-conversion -Wnull-dereference -DSYSCONFDIR="\"/usr/local/etc\"" -I"./linux" -O0 -g -MT EnvScreen.o -MD -MP -MF $depbase.Tpo -c -o EnvScreen.o EnvScreen.c &&\
mv -f $depbase.Tpo $depbase.Po
depbase=`echo FileDescriptorMeter.o | sed 's|[^/]*$|.deps/&|;s|\.o$||'`;\
/home/lxh/Projects/NSPA/workspace/htop-bc/wrappers/clang-bc -DHAVE_CONFIG_H -I.  -I/usr/include/libunwind -DNDEBUG  -std=c99 -pedantic -D_DEFAULT_SOURCE -D_XOPEN_SOURCE=600  -Wall -Wcast-align -Wcast-qual -Wextra -Wfloat-equal -Wformat=2 -Winit-self -Wmissing-format-attribute -Wmissing-noreturn -Wmissing-prototypes -Wpointer-arith -Wshadow -Wstrict-prototypes -Wundef -Wunused -Wwrite-strings -Wextra-semi-stmt -Wimplicit-int-conversion -Wnull-dereference -DSYSCONFDIR="\"/usr/local/etc\"" -I"./linux" -O0 -g -MT FileDescriptorMeter.o -MD -MP -MF $depbase.Tpo -c -o FileDescriptorMeter.o FileDescriptorMeter.c &&\
mv -f $depbase.Tpo $depbase.Po
depbase=`echo FunctionBar.o | sed 's|[^/]*$|.deps/&|;s|\.o$||'`;\
/home/lxh/Projects/NSPA/workspace/htop-bc/wrappers/clang-bc -DHAVE_CONFIG_H -I.  -I/usr/include/libunwind -DNDEBUG  -std=c99 -pedantic -D_DEFAULT_SOURCE -D_XOPEN_SOURCE=600  -Wall -Wcast-align -Wcast-qual -Wextra -Wfloat-equal -Wformat=2 -Winit-self -Wmissing-format-attribute -Wmissing-noreturn -Wmissing-prototypes -Wpointer-arith -Wshadow -Wstrict-prototypes -Wundef -Wunused -Wwrite-strings -Wextra-semi-stmt -Wimplicit-int-conversion -Wnull-dereference -DSYSCONFDIR="\"/usr/local/etc\"" -I"./linux" -O0 -g -MT FunctionBar.o -MD -MP -MF $depbase.Tpo -c -o FunctionBar.o FunctionBar.c &&\
mv -f $depbase.Tpo $depbase.Po
depbase=`echo Hashtable.o | sed 's|[^/]*$|.deps/&|;s|\.o$||'`;\
/home/lxh/Projects/NSPA/workspace/htop-bc/wrappers/clang-bc -DHAVE_CONFIG_H -I.  -I/usr/include/libunwind -DNDEBUG  -std=c99 -pedantic -D_DEFAULT_SOURCE -D_XOPEN_SOURCE=600  -Wall -Wcast-align -Wcast-qual -Wextra -Wfloat-equal -Wformat=2 -Winit-self -Wmissing-format-attribute -Wmissing-noreturn -Wmissing-prototypes -Wpointer-arith -Wshadow -Wstrict-prototypes -Wundef -Wunused -Wwrite-strings -Wextra-semi-stmt -Wimplicit-int-conversion -Wnull-dereference -DSYSCONFDIR="\"/usr/local/etc\"" -I"./linux" -O0 -g -MT Hashtable.o -MD -MP -MF $depbase.Tpo -c -o Hashtable.o Hashtable.c &&\
mv -f $depbase.Tpo $depbase.Po
depbase=`echo Header.o | sed 's|[^/]*$|.deps/&|;s|\.o$||'`;\
/home/lxh/Projects/NSPA/workspace/htop-bc/wrappers/clang-bc -DHAVE_CONFIG_H -I.  -I/usr/include/libunwind -DNDEBUG  -std=c99 -pedantic -D_DEFAULT_SOURCE -D_XOPEN_SOURCE=600  -Wall -Wcast-align -Wcast-qual -Wextra -Wfloat-equal -Wformat=2 -Winit-self -Wmissing-format-attribute -Wmissing-noreturn -Wmissing-prototypes -Wpointer-arith -Wshadow -Wstrict-prototypes -Wundef -Wunused -Wwrite-strings -Wextra-semi-stmt -Wimplicit-int-conversion -Wnull-dereference -DSYSCONFDIR="\"/usr/local/etc\"" -I"./linux" -O0 -g -MT Header.o -MD -MP -MF $depbase.Tpo -c -o Header.o Header.c &&\
mv -f $depbase.Tpo $depbase.Po
depbase=`echo HeaderOptionsPanel.o | sed 's|[^/]*$|.deps/&|;s|\.o$||'`;\
/home/lxh/Projects/NSPA/workspace/htop-bc/wrappers/clang-bc -DHAVE_CONFIG_H -I.  -I/usr/include/libunwind -DNDEBUG  -std=c99 -pedantic -D_DEFAULT_SOURCE -D_XOPEN_SOURCE=600  -Wall -Wcast-align -Wcast-qual -Wextra -Wfloat-equal -Wformat=2 -Winit-self -Wmissing-format-attribute -Wmissing-noreturn -Wmissing-prototypes -Wpointer-arith -Wshadow -Wstrict-prototypes -Wundef -Wunused -Wwrite-strings -Wextra-semi-stmt -Wimplicit-int-conversion -Wnull-dereference -DSYSCONFDIR="\"/usr/local/etc\"" -I"./linux" -O0 -g -MT HeaderOptionsPanel.o -MD -MP -MF $depbase.Tpo -c -o HeaderOptionsPanel.o HeaderOptionsPanel.c &&\
mv -f $depbase.Tpo $depbase.Po
depbase=`echo HostnameMeter.o | sed 's|[^/]*$|.deps/&|;s|\.o$||'`;\
/home/lxh/Projects/NSPA/workspace/htop-bc/wrappers/clang-bc -DHAVE_CONFIG_H -I.  -I/usr/include/libunwind -DNDEBUG  -std=c99 -pedantic -D_DEFAULT_SOURCE -D_XOPEN_SOURCE=600  -Wall -Wcast-align -Wcast-qual -Wextra -Wfloat-equal -Wformat=2 -Winit-self -Wmissing-format-attribute -Wmissing-noreturn -Wmissing-prototypes -Wpointer-arith -Wshadow -Wstrict-prototypes -Wundef -Wunused -Wwrite-strings -Wextra-semi-stmt -Wimplicit-int-conversion -Wnull-dereference -DSYSCONFDIR="\"/usr/local/etc\"" -I"./linux" -O0 -g -MT HostnameMeter.o -MD -MP -MF $depbase.Tpo -c -o HostnameMeter.o HostnameMeter.c &&\
mv -f $depbase.Tpo $depbase.Po
depbase=`echo History.o | sed 's|[^/]*$|.deps/&|;s|\.o$||'`;\
/home/lxh/Projects/NSPA/workspace/htop-bc/wrappers/clang-bc -DHAVE_CONFIG_H -I.  -I/usr/include/libunwind -DNDEBUG  -std=c99 -pedantic -D_DEFAULT_SOURCE -D_XOPEN_SOURCE=600  -Wall -Wcast-align -Wcast-qual -Wextra -Wfloat-equal -Wformat=2 -Winit-self -Wmissing-format-attribute -Wmissing-noreturn -Wmissing-prototypes -Wpointer-arith -Wshadow -Wstrict-prototypes -Wundef -Wunused -Wwrite-strings -Wextra-semi-stmt -Wimplicit-int-conversion -Wnull-dereference -DSYSCONFDIR="\"/usr/local/etc\"" -I"./linux" -O0 -g -MT History.o -MD -MP -MF $depbase.Tpo -c -o History.o History.c &&\
mv -f $depbase.Tpo $depbase.Po
depbase=`echo IncSet.o | sed 's|[^/]*$|.deps/&|;s|\.o$||'`;\
/home/lxh/Projects/NSPA/workspace/htop-bc/wrappers/clang-bc -DHAVE_CONFIG_H -I.  -I/usr/include/libunwind -DNDEBUG  -std=c99 -pedantic -D_DEFAULT_SOURCE -D_XOPEN_SOURCE=600  -Wall -Wcast-align -Wcast-qual -Wextra -Wfloat-equal -Wformat=2 -Winit-self -Wmissing-format-attribute -Wmissing-noreturn -Wmissing-prototypes -Wpointer-arith -Wshadow -Wstrict-prototypes -Wundef -Wunused -Wwrite-strings -Wextra-semi-stmt -Wimplicit-int-conversion -Wnull-dereference -DSYSCONFDIR="\"/usr/local/etc\"" -I"./linux" -O0 -g -MT IncSet.o -MD -MP -MF $depbase.Tpo -c -o IncSet.o IncSet.c &&\
mv -f $depbase.Tpo $depbase.Po
depbase=`echo InfoScreen.o | sed 's|[^/]*$|.deps/&|;s|\.o$||'`;\
/home/lxh/Projects/NSPA/workspace/htop-bc/wrappers/clang-bc -DHAVE_CONFIG_H -I.  -I/usr/include/libunwind -DNDEBUG  -std=c99 -pedantic -D_DEFAULT_SOURCE -D_XOPEN_SOURCE=600  -Wall -Wcast-align -Wcast-qual -Wextra -Wfloat-equal -Wformat=2 -Winit-self -Wmissing-format-attribute -Wmissing-noreturn -Wmissing-prototypes -Wpointer-arith -Wshadow -Wstrict-prototypes -Wundef -Wunused -Wwrite-strings -Wextra-semi-stmt -Wimplicit-int-conversion -Wnull-dereference -DSYSCONFDIR="\"/usr/local/etc\"" -I"./linux" -O0 -g -MT InfoScreen.o -MD -MP -MF $depbase.Tpo -c -o InfoScreen.o InfoScreen.c &&\
mv -f $depbase.Tpo $depbase.Po
depbase=`echo LineEditor.o | sed 's|[^/]*$|.deps/&|;s|\.o$||'`;\
/home/lxh/Projects/NSPA/workspace/htop-bc/wrappers/clang-bc -DHAVE_CONFIG_H -I.  -I/usr/include/libunwind -DNDEBUG  -std=c99 -pedantic -D_DEFAULT_SOURCE -D_XOPEN_SOURCE=600  -Wall -Wcast-align -Wcast-qual -Wextra -Wfloat-equal -Wformat=2 -Winit-self -Wmissing-format-attribute -Wmissing-noreturn -Wmissing-prototypes -Wpointer-arith -Wshadow -Wstrict-prototypes -Wundef -Wunused -Wwrite-strings -Wextra-semi-stmt -Wimplicit-int-conversion -Wnull-dereference -DSYSCONFDIR="\"/usr/local/etc\"" -I"./linux" -O0 -g -MT LineEditor.o -MD -MP -MF $depbase.Tpo -c -o LineEditor.o LineEditor.c &&\
mv -f $depbase.Tpo $depbase.Po
depbase=`echo ListItem.o | sed 's|[^/]*$|.deps/&|;s|\.o$||'`;\
/home/lxh/Projects/NSPA/workspace/htop-bc/wrappers/clang-bc -DHAVE_CONFIG_H -I.  -I/usr/include/libunwind -DNDEBUG  -std=c99 -pedantic -D_DEFAULT_SOURCE -D_XOPEN_SOURCE=600  -Wall -Wcast-align -Wcast-qual -Wextra -Wfloat-equal -Wformat=2 -Winit-self -Wmissing-format-attribute -Wmissing-noreturn -Wmissing-prototypes -Wpointer-arith -Wshadow -Wstrict-prototypes -Wundef -Wunused -Wwrite-strings -Wextra-semi-stmt -Wimplicit-int-conversion -Wnull-dereference -DSYSCONFDIR="\"/usr/local/etc\"" -I"./linux" -O0 -g -MT ListItem.o -MD -MP -MF $depbase.Tpo -c -o ListItem.o ListItem.c &&\
mv -f $depbase.Tpo $depbase.Po
depbase=`echo LoadAverageMeter.o | sed 's|[^/]*$|.deps/&|;s|\.o$||'`;\
/home/lxh/Projects/NSPA/workspace/htop-bc/wrappers/clang-bc -DHAVE_CONFIG_H -I.  -I/usr/include/libunwind -DNDEBUG  -std=c99 -pedantic -D_DEFAULT_SOURCE -D_XOPEN_SOURCE=600  -Wall -Wcast-align -Wcast-qual -Wextra -Wfloat-equal -Wformat=2 -Winit-self -Wmissing-format-attribute -Wmissing-noreturn -Wmissing-prototypes -Wpointer-arith -Wshadow -Wstrict-prototypes -Wundef -Wunused -Wwrite-strings -Wextra-semi-stmt -Wimplicit-int-conversion -Wnull-dereference -DSYSCONFDIR="\"/usr/local/etc\"" -I"./linux" -O0 -g -MT LoadAverageMeter.o -MD -MP -MF $depbase.Tpo -c -o LoadAverageMeter.o LoadAverageMeter.c &&\
mv -f $depbase.Tpo $depbase.Po
depbase=`echo Machine.o | sed 's|[^/]*$|.deps/&|;s|\.o$||'`;\
/home/lxh/Projects/NSPA/workspace/htop-bc/wrappers/clang-bc -DHAVE_CONFIG_H -I.  -I/usr/include/libunwind -DNDEBUG  -std=c99 -pedantic -D_DEFAULT_SOURCE -D_XOPEN_SOURCE=600  -Wall -Wcast-align -Wcast-qual -Wextra -Wfloat-equal -Wformat=2 -Winit-self -Wmissing-format-attribute -Wmissing-noreturn -Wmissing-prototypes -Wpointer-arith -Wshadow -Wstrict-prototypes -Wundef -Wunused -Wwrite-strings -Wextra-semi-stmt -Wimplicit-int-conversion -Wnull-dereference -DSYSCONFDIR="\"/usr/local/etc\"" -I"./linux" -O0 -g -MT Machine.o -MD -MP -MF $depbase.Tpo -c -o Machine.o Machine.c &&\
mv -f $depbase.Tpo $depbase.Po
depbase=`echo MainPanel.o | sed 's|[^/]*$|.deps/&|;s|\.o$||'`;\
/home/lxh/Projects/NSPA/workspace/htop-bc/wrappers/clang-bc -DHAVE_CONFIG_H -I.  -I/usr/include/libunwind -DNDEBUG  -std=c99 -pedantic -D_DEFAULT_SOURCE -D_XOPEN_SOURCE=600  -Wall -Wcast-align -Wcast-qual -Wextra -Wfloat-equal -Wformat=2 -Winit-self -Wmissing-format-attribute -Wmissing-noreturn -Wmissing-prototypes -Wpointer-arith -Wshadow -Wstrict-prototypes -Wundef -Wunused -Wwrite-strings -Wextra-semi-stmt -Wimplicit-int-conversion -Wnull-dereference -DSYSCONFDIR="\"/usr/local/etc\"" -I"./linux" -O0 -g -MT MainPanel.o -MD -MP -MF $depbase.Tpo -c -o MainPanel.o MainPanel.c &&\
mv -f $depbase.Tpo $depbase.Po
depbase=`echo MemoryMeter.o | sed 's|[^/]*$|.deps/&|;s|\.o$||'`;\
/home/lxh/Projects/NSPA/workspace/htop-bc/wrappers/clang-bc -DHAVE_CONFIG_H -I.  -I/usr/include/libunwind -DNDEBUG  -std=c99 -pedantic -D_DEFAULT_SOURCE -D_XOPEN_SOURCE=600  -Wall -Wcast-align -Wcast-qual -Wextra -Wfloat-equal -Wformat=2 -Winit-self -Wmissing-format-attribute -Wmissing-noreturn -Wmissing-prototypes -Wpointer-arith -Wshadow -Wstrict-prototypes -Wundef -Wunused -Wwrite-strings -Wextra-semi-stmt -Wimplicit-int-conversion -Wnull-dereference -DSYSCONFDIR="\"/usr/local/etc\"" -I"./linux" -O0 -g -MT MemoryMeter.o -MD -MP -MF $depbase.Tpo -c -o MemoryMeter.o MemoryMeter.c &&\
mv -f $depbase.Tpo $depbase.Po
depbase=`echo MemorySwapMeter.o | sed 's|[^/]*$|.deps/&|;s|\.o$||'`;\
/home/lxh/Projects/NSPA/workspace/htop-bc/wrappers/clang-bc -DHAVE_CONFIG_H -I.  -I/usr/include/libunwind -DNDEBUG  -std=c99 -pedantic -D_DEFAULT_SOURCE -D_XOPEN_SOURCE=600  -Wall -Wcast-align -Wcast-qual -Wextra -Wfloat-equal -Wformat=2 -Winit-self -Wmissing-format-attribute -Wmissing-noreturn -Wmissing-prototypes -Wpointer-arith -Wshadow -Wstrict-prototypes -Wundef -Wunused -Wwrite-strings -Wextra-semi-stmt -Wimplicit-int-conversion -Wnull-dereference -DSYSCONFDIR="\"/usr/local/etc\"" -I"./linux" -O0 -g -MT MemorySwapMeter.o -MD -MP -MF $depbase.Tpo -c -o MemorySwapMeter.o MemorySwapMeter.c &&\
mv -f $depbase.Tpo $depbase.Po
depbase=`echo Meter.o | sed 's|[^/]*$|.deps/&|;s|\.o$||'`;\
/home/lxh/Projects/NSPA/workspace/htop-bc/wrappers/clang-bc -DHAVE_CONFIG_H -I.  -I/usr/include/libunwind -DNDEBUG  -std=c99 -pedantic -D_DEFAULT_SOURCE -D_XOPEN_SOURCE=600  -Wall -Wcast-align -Wcast-qual -Wextra -Wfloat-equal -Wformat=2 -Winit-self -Wmissing-format-attribute -Wmissing-noreturn -Wmissing-prototypes -Wpointer-arith -Wshadow -Wstrict-prototypes -Wundef -Wunused -Wwrite-strings -Wextra-semi-stmt -Wimplicit-int-conversion -Wnull-dereference -DSYSCONFDIR="\"/usr/local/etc\"" -I"./linux" -O0 -g -MT Meter.o -MD -MP -MF $depbase.Tpo -c -o Meter.o Meter.c &&\
mv -f $depbase.Tpo $depbase.Po
depbase=`echo MetersPanel.o | sed 's|[^/]*$|.deps/&|;s|\.o$||'`;\
/home/lxh/Projects/NSPA/workspace/htop-bc/wrappers/clang-bc -DHAVE_CONFIG_H -I.  -I/usr/include/libunwind -DNDEBUG  -std=c99 -pedantic -D_DEFAULT_SOURCE -D_XOPEN_SOURCE=600  -Wall -Wcast-align -Wcast-qual -Wextra -Wfloat-equal -Wformat=2 -Winit-self -Wmissing-format-attribute -Wmissing-noreturn -Wmissing-prototypes -Wpointer-arith -Wshadow -Wstrict-prototypes -Wundef -Wunused -Wwrite-strings -Wextra-semi-stmt -Wimplicit-int-conversion -Wnull-dereference -DSYSCONFDIR="\"/usr/local/etc\"" -I"./linux" -O0 -g -MT MetersPanel.o -MD -MP -MF $depbase.Tpo -c -o MetersPanel.o MetersPanel.c &&\
mv -f $depbase.Tpo $depbase.Po
depbase=`echo NetworkIOMeter.o | sed 's|[^/]*$|.deps/&|;s|\.o$||'`;\
/home/lxh/Projects/NSPA/workspace/htop-bc/wrappers/clang-bc -DHAVE_CONFIG_H -I.  -I/usr/include/libunwind -DNDEBUG  -std=c99 -pedantic -D_DEFAULT_SOURCE -D_XOPEN_SOURCE=600  -Wall -Wcast-align -Wcast-qual -Wextra -Wfloat-equal -Wformat=2 -Winit-self -Wmissing-format-attribute -Wmissing-noreturn -Wmissing-prototypes -Wpointer-arith -Wshadow -Wstrict-prototypes -Wundef -Wunused -Wwrite-strings -Wextra-semi-stmt -Wimplicit-int-conversion -Wnull-dereference -DSYSCONFDIR="\"/usr/local/etc\"" -I"./linux" -O0 -g -MT NetworkIOMeter.o -MD -MP -MF $depbase.Tpo -c -o NetworkIOMeter.o NetworkIOMeter.c &&\
mv -f $depbase.Tpo $depbase.Po
depbase=`echo Object.o | sed 's|[^/]*$|.deps/&|;s|\.o$||'`;\
/home/lxh/Projects/NSPA/workspace/htop-bc/wrappers/clang-bc -DHAVE_CONFIG_H -I.  -I/usr/include/libunwind -DNDEBUG  -std=c99 -pedantic -D_DEFAULT_SOURCE -D_XOPEN_SOURCE=600  -Wall -Wcast-align -Wcast-qual -Wextra -Wfloat-equal -Wformat=2 -Winit-self -Wmissing-format-attribute -Wmissing-noreturn -Wmissing-prototypes -Wpointer-arith -Wshadow -Wstrict-prototypes -Wundef -Wunused -Wwrite-strings -Wextra-semi-stmt -Wimplicit-int-conversion -Wnull-dereference -DSYSCONFDIR="\"/usr/local/etc\"" -I"./linux" -O0 -g -MT Object.o -MD -MP -MF $depbase.Tpo -c -o Object.o Object.c &&\
mv -f $depbase.Tpo $depbase.Po
depbase=`echo OpenFilesScreen.o | sed 's|[^/]*$|.deps/&|;s|\.o$||'`;\
/home/lxh/Projects/NSPA/workspace/htop-bc/wrappers/clang-bc -DHAVE_CONFIG_H -I.  -I/usr/include/libunwind -DNDEBUG  -std=c99 -pedantic -D_DEFAULT_SOURCE -D_XOPEN_SOURCE=600  -Wall -Wcast-align -Wcast-qual -Wextra -Wfloat-equal -Wformat=2 -Winit-self -Wmissing-format-attribute -Wmissing-noreturn -Wmissing-prototypes -Wpointer-arith -Wshadow -Wstrict-prototypes -Wundef -Wunused -Wwrite-strings -Wextra-semi-stmt -Wimplicit-int-conversion -Wnull-dereference -DSYSCONFDIR="\"/usr/local/etc\"" -I"./linux" -O0 -g -MT OpenFilesScreen.o -MD -MP -MF $depbase.Tpo -c -o OpenFilesScreen.o OpenFilesScreen.c &&\
mv -f $depbase.Tpo $depbase.Po
depbase=`echo OptionItem.o | sed 's|[^/]*$|.deps/&|;s|\.o$||'`;\
/home/lxh/Projects/NSPA/workspace/htop-bc/wrappers/clang-bc -DHAVE_CONFIG_H -I.  -I/usr/include/libunwind -DNDEBUG  -std=c99 -pedantic -D_DEFAULT_SOURCE -D_XOPEN_SOURCE=600  -Wall -Wcast-align -Wcast-qual -Wextra -Wfloat-equal -Wformat=2 -Winit-self -Wmissing-format-attribute -Wmissing-noreturn -Wmissing-prototypes -Wpointer-arith -Wshadow -Wstrict-prototypes -Wundef -Wunused -Wwrite-strings -Wextra-semi-stmt -Wimplicit-int-conversion -Wnull-dereference -DSYSCONFDIR="\"/usr/local/etc\"" -I"./linux" -O0 -g -MT OptionItem.o -MD -MP -MF $depbase.Tpo -c -o OptionItem.o OptionItem.c &&\
mv -f $depbase.Tpo $depbase.Po
depbase=`echo Panel.o | sed 's|[^/]*$|.deps/&|;s|\.o$||'`;\
/home/lxh/Projects/NSPA/workspace/htop-bc/wrappers/clang-bc -DHAVE_CONFIG_H -I.  -I/usr/include/libunwind -DNDEBUG  -std=c99 -pedantic -D_DEFAULT_SOURCE -D_XOPEN_SOURCE=600  -Wall -Wcast-align -Wcast-qual -Wextra -Wfloat-equal -Wformat=2 -Winit-self -Wmissing-format-attribute -Wmissing-noreturn -Wmissing-prototypes -Wpointer-arith -Wshadow -Wstrict-prototypes -Wundef -Wunused -Wwrite-strings -Wextra-semi-stmt -Wimplicit-int-conversion -Wnull-dereference -DSYSCONFDIR="\"/usr/local/etc\"" -I"./linux" -O0 -g -MT Panel.o -MD -MP -MF $depbase.Tpo -c -o Panel.o Panel.c &&\
mv -f $depbase.Tpo $depbase.Po
depbase=`echo Process.o | sed 's|[^/]*$|.deps/&|;s|\.o$||'`;\
/home/lxh/Projects/NSPA/workspace/htop-bc/wrappers/clang-bc -DHAVE_CONFIG_H -I.  -I/usr/include/libunwind -DNDEBUG  -std=c99 -pedantic -D_DEFAULT_SOURCE -D_XOPEN_SOURCE=600  -Wall -Wcast-align -Wcast-qual -Wextra -Wfloat-equal -Wformat=2 -Winit-self -Wmissing-format-attribute -Wmissing-noreturn -Wmissing-prototypes -Wpointer-arith -Wshadow -Wstrict-prototypes -Wundef -Wunused -Wwrite-strings -Wextra-semi-stmt -Wimplicit-int-conversion -Wnull-dereference -DSYSCONFDIR="\"/usr/local/etc\"" -I"./linux" -O0 -g -MT Process.o -MD -MP -MF $depbase.Tpo -c -o Process.o Process.c &&\
mv -f $depbase.Tpo $depbase.Po
depbase=`echo ProcessLocksScreen.o | sed 's|[^/]*$|.deps/&|;s|\.o$||'`;\
/home/lxh/Projects/NSPA/workspace/htop-bc/wrappers/clang-bc -DHAVE_CONFIG_H -I.  -I/usr/include/libunwind -DNDEBUG  -std=c99 -pedantic -D_DEFAULT_SOURCE -D_XOPEN_SOURCE=600  -Wall -Wcast-align -Wcast-qual -Wextra -Wfloat-equal -Wformat=2 -Winit-self -Wmissing-format-attribute -Wmissing-noreturn -Wmissing-prototypes -Wpointer-arith -Wshadow -Wstrict-prototypes -Wundef -Wunused -Wwrite-strings -Wextra-semi-stmt -Wimplicit-int-conversion -Wnull-dereference -DSYSCONFDIR="\"/usr/local/etc\"" -I"./linux" -O0 -g -MT ProcessLocksScreen.o -MD -MP -MF $depbase.Tpo -c -o ProcessLocksScreen.o ProcessLocksScreen.c &&\
mv -f $depbase.Tpo $depbase.Po
depbase=`echo ProcessTable.o | sed 's|[^/]*$|.deps/&|;s|\.o$||'`;\
/home/lxh/Projects/NSPA/workspace/htop-bc/wrappers/clang-bc -DHAVE_CONFIG_H -I.  -I/usr/include/libunwind -DNDEBUG  -std=c99 -pedantic -D_DEFAULT_SOURCE -D_XOPEN_SOURCE=600  -Wall -Wcast-align -Wcast-qual -Wextra -Wfloat-equal -Wformat=2 -Winit-self -Wmissing-format-attribute -Wmissing-noreturn -Wmissing-prototypes -Wpointer-arith -Wshadow -Wstrict-prototypes -Wundef -Wunused -Wwrite-strings -Wextra-semi-stmt -Wimplicit-int-conversion -Wnull-dereference -DSYSCONFDIR="\"/usr/local/etc\"" -I"./linux" -O0 -g -MT ProcessTable.o -MD -MP -MF $depbase.Tpo -c -o ProcessTable.o ProcessTable.c &&\
mv -f $depbase.Tpo $depbase.Po
depbase=`echo Row.o | sed 's|[^/]*$|.deps/&|;s|\.o$||'`;\
/home/lxh/Projects/NSPA/workspace/htop-bc/wrappers/clang-bc -DHAVE_CONFIG_H -I.  -I/usr/include/libunwind -DNDEBUG  -std=c99 -pedantic -D_DEFAULT_SOURCE -D_XOPEN_SOURCE=600  -Wall -Wcast-align -Wcast-qual -Wextra -Wfloat-equal -Wformat=2 -Winit-self -Wmissing-format-attribute -Wmissing-noreturn -Wmissing-prototypes -Wpointer-arith -Wshadow -Wstrict-prototypes -Wundef -Wunused -Wwrite-strings -Wextra-semi-stmt -Wimplicit-int-conversion -Wnull-dereference -DSYSCONFDIR="\"/usr/local/etc\"" -I"./linux" -O0 -g -MT Row.o -MD -MP -MF $depbase.Tpo -c -o Row.o Row.c &&\
mv -f $depbase.Tpo $depbase.Po
depbase=`echo RichString.o | sed 's|[^/]*$|.deps/&|;s|\.o$||'`;\
/home/lxh/Projects/NSPA/workspace/htop-bc/wrappers/clang-bc -DHAVE_CONFIG_H -I.  -I/usr/include/libunwind -DNDEBUG  -std=c99 -pedantic -D_DEFAULT_SOURCE -D_XOPEN_SOURCE=600  -Wall -Wcast-align -Wcast-qual -Wextra -Wfloat-equal -Wformat=2 -Winit-self -Wmissing-format-attribute -Wmissing-noreturn -Wmissing-prototypes -Wpointer-arith -Wshadow -Wstrict-prototypes -Wundef -Wunused -Wwrite-strings -Wextra-semi-stmt -Wimplicit-int-conversion -Wnull-dereference -DSYSCONFDIR="\"/usr/local/etc\"" -I"./linux" -O0 -g -MT RichString.o -MD -MP -MF $depbase.Tpo -c -o RichString.o RichString.c &&\
mv -f $depbase.Tpo $depbase.Po
depbase=`echo Scheduling.o | sed 's|[^/]*$|.deps/&|;s|\.o$||'`;\
/home/lxh/Projects/NSPA/workspace/htop-bc/wrappers/clang-bc -DHAVE_CONFIG_H -I.  -I/usr/include/libunwind -DNDEBUG  -std=c99 -pedantic -D_DEFAULT_SOURCE -D_XOPEN_SOURCE=600  -Wall -Wcast-align -Wcast-qual -Wextra -Wfloat-equal -Wformat=2 -Winit-self -Wmissing-format-attribute -Wmissing-noreturn -Wmissing-prototypes -Wpointer-arith -Wshadow -Wstrict-prototypes -Wundef -Wunused -Wwrite-strings -Wextra-semi-stmt -Wimplicit-int-conversion -Wnull-dereference -DSYSCONFDIR="\"/usr/local/etc\"" -I"./linux" -O0 -g -MT Scheduling.o -MD -MP -MF $depbase.Tpo -c -o Scheduling.o Scheduling.c &&\
mv -f $depbase.Tpo $depbase.Po
depbase=`echo ScreenManager.o | sed 's|[^/]*$|.deps/&|;s|\.o$||'`;\
/home/lxh/Projects/NSPA/workspace/htop-bc/wrappers/clang-bc -DHAVE_CONFIG_H -I.  -I/usr/include/libunwind -DNDEBUG  -std=c99 -pedantic -D_DEFAULT_SOURCE -D_XOPEN_SOURCE=600  -Wall -Wcast-align -Wcast-qual -Wextra -Wfloat-equal -Wformat=2 -Winit-self -Wmissing-format-attribute -Wmissing-noreturn -Wmissing-prototypes -Wpointer-arith -Wshadow -Wstrict-prototypes -Wundef -Wunused -Wwrite-strings -Wextra-semi-stmt -Wimplicit-int-conversion -Wnull-dereference -DSYSCONFDIR="\"/usr/local/etc\"" -I"./linux" -O0 -g -MT ScreenManager.o -MD -MP -MF $depbase.Tpo -c -o ScreenManager.o ScreenManager.c &&\
mv -f $depbase.Tpo $depbase.Po
depbase=`echo ScreensPanel.o | sed 's|[^/]*$|.deps/&|;s|\.o$||'`;\
/home/lxh/Projects/NSPA/workspace/htop-bc/wrappers/clang-bc -DHAVE_CONFIG_H -I.  -I/usr/include/libunwind -DNDEBUG  -std=c99 -pedantic -D_DEFAULT_SOURCE -D_XOPEN_SOURCE=600  -Wall -Wcast-align -Wcast-qual -Wextra -Wfloat-equal -Wformat=2 -Winit-self -Wmissing-format-attribute -Wmissing-noreturn -Wmissing-prototypes -Wpointer-arith -Wshadow -Wstrict-prototypes -Wundef -Wunused -Wwrite-strings -Wextra-semi-stmt -Wimplicit-int-conversion -Wnull-dereference -DSYSCONFDIR="\"/usr/local/etc\"" -I"./linux" -O0 -g -MT ScreensPanel.o -MD -MP -MF $depbase.Tpo -c -o ScreensPanel.o ScreensPanel.c &&\
mv -f $depbase.Tpo $depbase.Po
depbase=`echo ScreenTabsPanel.o | sed 's|[^/]*$|.deps/&|;s|\.o$||'`;\
/home/lxh/Projects/NSPA/workspace/htop-bc/wrappers/clang-bc -DHAVE_CONFIG_H -I.  -I/usr/include/libunwind -DNDEBUG  -std=c99 -pedantic -D_DEFAULT_SOURCE -D_XOPEN_SOURCE=600  -Wall -Wcast-align -Wcast-qual -Wextra -Wfloat-equal -Wformat=2 -Winit-self -Wmissing-format-attribute -Wmissing-noreturn -Wmissing-prototypes -Wpointer-arith -Wshadow -Wstrict-prototypes -Wundef -Wunused -Wwrite-strings -Wextra-semi-stmt -Wimplicit-int-conversion -Wnull-dereference -DSYSCONFDIR="\"/usr/local/etc\"" -I"./linux" -O0 -g -MT ScreenTabsPanel.o -MD -MP -MF $depbase.Tpo -c -o ScreenTabsPanel.o ScreenTabsPanel.c &&\
mv -f $depbase.Tpo $depbase.Po
depbase=`echo Settings.o | sed 's|[^/]*$|.deps/&|;s|\.o$||'`;\
/home/lxh/Projects/NSPA/workspace/htop-bc/wrappers/clang-bc -DHAVE_CONFIG_H -I.  -I/usr/include/libunwind -DNDEBUG  -std=c99 -pedantic -D_DEFAULT_SOURCE -D_XOPEN_SOURCE=600  -Wall -Wcast-align -Wcast-qual -Wextra -Wfloat-equal -Wformat=2 -Winit-self -Wmissing-format-attribute -Wmissing-noreturn -Wmissing-prototypes -Wpointer-arith -Wshadow -Wstrict-prototypes -Wundef -Wunused -Wwrite-strings -Wextra-semi-stmt -Wimplicit-int-conversion -Wnull-dereference -DSYSCONFDIR="\"/usr/local/etc\"" -I"./linux" -O0 -g -MT Settings.o -MD -MP -MF $depbase.Tpo -c -o Settings.o Settings.c &&\
mv -f $depbase.Tpo $depbase.Po
depbase=`echo SignalsPanel.o | sed 's|[^/]*$|.deps/&|;s|\.o$||'`;\
/home/lxh/Projects/NSPA/workspace/htop-bc/wrappers/clang-bc -DHAVE_CONFIG_H -I.  -I/usr/include/libunwind -DNDEBUG  -std=c99 -pedantic -D_DEFAULT_SOURCE -D_XOPEN_SOURCE=600  -Wall -Wcast-align -Wcast-qual -Wextra -Wfloat-equal -Wformat=2 -Winit-self -Wmissing-format-attribute -Wmissing-noreturn -Wmissing-prototypes -Wpointer-arith -Wshadow -Wstrict-prototypes -Wundef -Wunused -Wwrite-strings -Wextra-semi-stmt -Wimplicit-int-conversion -Wnull-dereference -DSYSCONFDIR="\"/usr/local/etc\"" -I"./linux" -O0 -g -MT SignalsPanel.o -MD -MP -MF $depbase.Tpo -c -o SignalsPanel.o SignalsPanel.c &&\
mv -f $depbase.Tpo $depbase.Po
depbase=`echo SwapMeter.o | sed 's|[^/]*$|.deps/&|;s|\.o$||'`;\
/home/lxh/Projects/NSPA/workspace/htop-bc/wrappers/clang-bc -DHAVE_CONFIG_H -I.  -I/usr/include/libunwind -DNDEBUG  -std=c99 -pedantic -D_DEFAULT_SOURCE -D_XOPEN_SOURCE=600  -Wall -Wcast-align -Wcast-qual -Wextra -Wfloat-equal -Wformat=2 -Winit-self -Wmissing-format-attribute -Wmissing-noreturn -Wmissing-prototypes -Wpointer-arith -Wshadow -Wstrict-prototypes -Wundef -Wunused -Wwrite-strings -Wextra-semi-stmt -Wimplicit-int-conversion -Wnull-dereference -DSYSCONFDIR="\"/usr/local/etc\"" -I"./linux" -O0 -g -MT SwapMeter.o -MD -MP -MF $depbase.Tpo -c -o SwapMeter.o SwapMeter.c &&\
mv -f $depbase.Tpo $depbase.Po
depbase=`echo SysArchMeter.o | sed 's|[^/]*$|.deps/&|;s|\.o$||'`;\
/home/lxh/Projects/NSPA/workspace/htop-bc/wrappers/clang-bc -DHAVE_CONFIG_H -I.  -I/usr/include/libunwind -DNDEBUG  -std=c99 -pedantic -D_DEFAULT_SOURCE -D_XOPEN_SOURCE=600  -Wall -Wcast-align -Wcast-qual -Wextra -Wfloat-equal -Wformat=2 -Winit-self -Wmissing-format-attribute -Wmissing-noreturn -Wmissing-prototypes -Wpointer-arith -Wshadow -Wstrict-prototypes -Wundef -Wunused -Wwrite-strings -Wextra-semi-stmt -Wimplicit-int-conversion -Wnull-dereference -DSYSCONFDIR="\"/usr/local/etc\"" -I"./linux" -O0 -g -MT SysArchMeter.o -MD -MP -MF $depbase.Tpo -c -o SysArchMeter.o SysArchMeter.c &&\
mv -f $depbase.Tpo $depbase.Po
depbase=`echo Table.o | sed 's|[^/]*$|.deps/&|;s|\.o$||'`;\
/home/lxh/Projects/NSPA/workspace/htop-bc/wrappers/clang-bc -DHAVE_CONFIG_H -I.  -I/usr/include/libunwind -DNDEBUG  -std=c99 -pedantic -D_DEFAULT_SOURCE -D_XOPEN_SOURCE=600  -Wall -Wcast-align -Wcast-qual -Wextra -Wfloat-equal -Wformat=2 -Winit-self -Wmissing-format-attribute -Wmissing-noreturn -Wmissing-prototypes -Wpointer-arith -Wshadow -Wstrict-prototypes -Wundef -Wunused -Wwrite-strings -Wextra-semi-stmt -Wimplicit-int-conversion -Wnull-dereference -DSYSCONFDIR="\"/usr/local/etc\"" -I"./linux" -O0 -g -MT Table.o -MD -MP -MF $depbase.Tpo -c -o Table.o Table.c &&\
mv -f $depbase.Tpo $depbase.Po
depbase=`echo TasksMeter.o | sed 's|[^/]*$|.deps/&|;s|\.o$||'`;\
/home/lxh/Projects/NSPA/workspace/htop-bc/wrappers/clang-bc -DHAVE_CONFIG_H -I.  -I/usr/include/libunwind -DNDEBUG  -std=c99 -pedantic -D_DEFAULT_SOURCE -D_XOPEN_SOURCE=600  -Wall -Wcast-align -Wcast-qual -Wextra -Wfloat-equal -Wformat=2 -Winit-self -Wmissing-format-attribute -Wmissing-noreturn -Wmissing-prototypes -Wpointer-arith -Wshadow -Wstrict-prototypes -Wundef -Wunused -Wwrite-strings -Wextra-semi-stmt -Wimplicit-int-conversion -Wnull-dereference -DSYSCONFDIR="\"/usr/local/etc\"" -I"./linux" -O0 -g -MT TasksMeter.o -MD -MP -MF $depbase.Tpo -c -o TasksMeter.o TasksMeter.c &&\
mv -f $depbase.Tpo $depbase.Po
depbase=`echo TraceScreen.o | sed 's|[^/]*$|.deps/&|;s|\.o$||'`;\
/home/lxh/Projects/NSPA/workspace/htop-bc/wrappers/clang-bc -DHAVE_CONFIG_H -I.  -I/usr/include/libunwind -DNDEBUG  -std=c99 -pedantic -D_DEFAULT_SOURCE -D_XOPEN_SOURCE=600  -Wall -Wcast-align -Wcast-qual -Wextra -Wfloat-equal -Wformat=2 -Winit-self -Wmissing-format-attribute -Wmissing-noreturn -Wmissing-prototypes -Wpointer-arith -Wshadow -Wstrict-prototypes -Wundef -Wunused -Wwrite-strings -Wextra-semi-stmt -Wimplicit-int-conversion -Wnull-dereference -DSYSCONFDIR="\"/usr/local/etc\"" -I"./linux" -O0 -g -MT TraceScreen.o -MD -MP -MF $depbase.Tpo -c -o TraceScreen.o TraceScreen.c &&\
mv -f $depbase.Tpo $depbase.Po
depbase=`echo UptimeMeter.o | sed 's|[^/]*$|.deps/&|;s|\.o$||'`;\
/home/lxh/Projects/NSPA/workspace/htop-bc/wrappers/clang-bc -DHAVE_CONFIG_H -I.  -I/usr/include/libunwind -DNDEBUG  -std=c99 -pedantic -D_DEFAULT_SOURCE -D_XOPEN_SOURCE=600  -Wall -Wcast-align -Wcast-qual -Wextra -Wfloat-equal -Wformat=2 -Winit-self -Wmissing-format-attribute -Wmissing-noreturn -Wmissing-prototypes -Wpointer-arith -Wshadow -Wstrict-prototypes -Wundef -Wunused -Wwrite-strings -Wextra-semi-stmt -Wimplicit-int-conversion -Wnull-dereference -DSYSCONFDIR="\"/usr/local/etc\"" -I"./linux" -O0 -g -MT UptimeMeter.o -MD -MP -MF $depbase.Tpo -c -o UptimeMeter.o UptimeMeter.c &&\
mv -f $depbase.Tpo $depbase.Po
depbase=`echo UsersTable.o | sed 's|[^/]*$|.deps/&|;s|\.o$||'`;\
/home/lxh/Projects/NSPA/workspace/htop-bc/wrappers/clang-bc -DHAVE_CONFIG_H -I.  -I/usr/include/libunwind -DNDEBUG  -std=c99 -pedantic -D_DEFAULT_SOURCE -D_XOPEN_SOURCE=600  -Wall -Wcast-align -Wcast-qual -Wextra -Wfloat-equal -Wformat=2 -Winit-self -Wmissing-format-attribute -Wmissing-noreturn -Wmissing-prototypes -Wpointer-arith -Wshadow -Wstrict-prototypes -Wundef -Wunused -Wwrite-strings -Wextra-semi-stmt -Wimplicit-int-conversion -Wnull-dereference -DSYSCONFDIR="\"/usr/local/etc\"" -I"./linux" -O0 -g -MT UsersTable.o -MD -MP -MF $depbase.Tpo -c -o UsersTable.o UsersTable.c &&\
mv -f $depbase.Tpo $depbase.Po
depbase=`echo Vector.o | sed 's|[^/]*$|.deps/&|;s|\.o$||'`;\
/home/lxh/Projects/NSPA/workspace/htop-bc/wrappers/clang-bc -DHAVE_CONFIG_H -I.  -I/usr/include/libunwind -DNDEBUG  -std=c99 -pedantic -D_DEFAULT_SOURCE -D_XOPEN_SOURCE=600  -Wall -Wcast-align -Wcast-qual -Wextra -Wfloat-equal -Wformat=2 -Winit-self -Wmissing-format-attribute -Wmissing-noreturn -Wmissing-prototypes -Wpointer-arith -Wshadow -Wstrict-prototypes -Wundef -Wunused -Wwrite-strings -Wextra-semi-stmt -Wimplicit-int-conversion -Wnull-dereference -DSYSCONFDIR="\"/usr/local/etc\"" -I"./linux" -O0 -g -MT Vector.o -MD -MP -MF $depbase.Tpo -c -o Vector.o Vector.c &&\
mv -f $depbase.Tpo $depbase.Po
depbase=`echo XUtils.o | sed 's|[^/]*$|.deps/&|;s|\.o$||'`;\
/home/lxh/Projects/NSPA/workspace/htop-bc/wrappers/clang-bc -DHAVE_CONFIG_H -I.  -I/usr/include/libunwind -DNDEBUG  -std=c99 -pedantic -D_DEFAULT_SOURCE -D_XOPEN_SOURCE=600  -Wall -Wcast-align -Wcast-qual -Wextra -Wfloat-equal -Wformat=2 -Winit-self -Wmissing-format-attribute -Wmissing-noreturn -Wmissing-prototypes -Wpointer-arith -Wshadow -Wstrict-prototypes -Wundef -Wunused -Wwrite-strings -Wextra-semi-stmt -Wimplicit-int-conversion -Wnull-dereference -DSYSCONFDIR="\"/usr/local/etc\"" -I"./linux" -O0 -g -MT XUtils.o -MD -MP -MF $depbase.Tpo -c -o XUtils.o XUtils.c &&\
mv -f $depbase.Tpo $depbase.Po
depbase=`echo GPUMeter.o | sed 's|[^/]*$|.deps/&|;s|\.o$||'`;\
/home/lxh/Projects/NSPA/workspace/htop-bc/wrappers/clang-bc -DHAVE_CONFIG_H -I.  -I/usr/include/libunwind -DNDEBUG  -std=c99 -pedantic -D_DEFAULT_SOURCE -D_XOPEN_SOURCE=600  -Wall -Wcast-align -Wcast-qual -Wextra -Wfloat-equal -Wformat=2 -Winit-self -Wmissing-format-attribute -Wmissing-noreturn -Wmissing-prototypes -Wpointer-arith -Wshadow -Wstrict-prototypes -Wundef -Wunused -Wwrite-strings -Wextra-semi-stmt -Wimplicit-int-conversion -Wnull-dereference -DSYSCONFDIR="\"/usr/local/etc\"" -I"./linux" -O0 -g -MT GPUMeter.o -MD -MP -MF $depbase.Tpo -c -o GPUMeter.o GPUMeter.c &&\
mv -f $depbase.Tpo $depbase.Po
depbase=`echo generic/gettime.o | sed 's|[^/]*$|.deps/&|;s|\.o$||'`;\
/home/lxh/Projects/NSPA/workspace/htop-bc/wrappers/clang-bc -DHAVE_CONFIG_H -I.  -I/usr/include/libunwind -DNDEBUG  -std=c99 -pedantic -D_DEFAULT_SOURCE -D_XOPEN_SOURCE=600  -Wall -Wcast-align -Wcast-qual -Wextra -Wfloat-equal -Wformat=2 -Winit-self -Wmissing-format-attribute -Wmissing-noreturn -Wmissing-prototypes -Wpointer-arith -Wshadow -Wstrict-prototypes -Wundef -Wunused -Wwrite-strings -Wextra-semi-stmt -Wimplicit-int-conversion -Wnull-dereference -DSYSCONFDIR="\"/usr/local/etc\"" -I"./linux" -O0 -g -MT generic/gettime.o -MD -MP -MF $depbase.Tpo -c -o generic/gettime.o generic/gettime.c &&\
mv -f $depbase.Tpo $depbase.Po
depbase=`echo generic/hostname.o | sed 's|[^/]*$|.deps/&|;s|\.o$||'`;\
/home/lxh/Projects/NSPA/workspace/htop-bc/wrappers/clang-bc -DHAVE_CONFIG_H -I.  -I/usr/include/libunwind -DNDEBUG  -std=c99 -pedantic -D_DEFAULT_SOURCE -D_XOPEN_SOURCE=600  -Wall -Wcast-align -Wcast-qual -Wextra -Wfloat-equal -Wformat=2 -Winit-self -Wmissing-format-attribute -Wmissing-noreturn -Wmissing-prototypes -Wpointer-arith -Wshadow -Wstrict-prototypes -Wundef -Wunused -Wwrite-strings -Wextra-semi-stmt -Wimplicit-int-conversion -Wnull-dereference -DSYSCONFDIR="\"/usr/local/etc\"" -I"./linux" -O0 -g -MT generic/hostname.o -MD -MP -MF $depbase.Tpo -c -o generic/hostname.o generic/hostname.c &&\
mv -f $depbase.Tpo $depbase.Po
depbase=`echo generic/uname.o | sed 's|[^/]*$|.deps/&|;s|\.o$||'`;\
/home/lxh/Projects/NSPA/workspace/htop-bc/wrappers/clang-bc -DHAVE_CONFIG_H -I.  -I/usr/include/libunwind -DNDEBUG  -std=c99 -pedantic -D_DEFAULT_SOURCE -D_XOPEN_SOURCE=600  -Wall -Wcast-align -Wcast-qual -Wextra -Wfloat-equal -Wformat=2 -Winit-self -Wmissing-format-attribute -Wmissing-noreturn -Wmissing-prototypes -Wpointer-arith -Wshadow -Wstrict-prototypes -Wundef -Wunused -Wwrite-strings -Wextra-semi-stmt -Wimplicit-int-conversion -Wnull-dereference -DSYSCONFDIR="\"/usr/local/etc\"" -I"./linux" -O0 -g -MT generic/uname.o -MD -MP -MF $depbase.Tpo -c -o generic/uname.o generic/uname.c &&\
mv -f $depbase.Tpo $depbase.Po
depbase=`echo linux/CGroupUtils.o | sed 's|[^/]*$|.deps/&|;s|\.o$||'`;\
/home/lxh/Projects/NSPA/workspace/htop-bc/wrappers/clang-bc -DHAVE_CONFIG_H -I.  -I/usr/include/libunwind -DNDEBUG  -std=c99 -pedantic -D_DEFAULT_SOURCE -D_XOPEN_SOURCE=600  -Wall -Wcast-align -Wcast-qual -Wextra -Wfloat-equal -Wformat=2 -Winit-self -Wmissing-format-attribute -Wmissing-noreturn -Wmissing-prototypes -Wpointer-arith -Wshadow -Wstrict-prototypes -Wundef -Wunused -Wwrite-strings -Wextra-semi-stmt -Wimplicit-int-conversion -Wnull-dereference -DSYSCONFDIR="\"/usr/local/etc\"" -I"./linux" -O0 -g -MT linux/CGroupUtils.o -MD -MP -MF $depbase.Tpo -c -o linux/CGroupUtils.o linux/CGroupUtils.c &&\
mv -f $depbase.Tpo $depbase.Po
depbase=`echo linux/Compat.o | sed 's|[^/]*$|.deps/&|;s|\.o$||'`;\
/home/lxh/Projects/NSPA/workspace/htop-bc/wrappers/clang-bc -DHAVE_CONFIG_H -I.  -I/usr/include/libunwind -DNDEBUG  -std=c99 -pedantic -D_DEFAULT_SOURCE -D_XOPEN_SOURCE=600  -Wall -Wcast-align -Wcast-qual -Wextra -Wfloat-equal -Wformat=2 -Winit-self -Wmissing-format-attribute -Wmissing-noreturn -Wmissing-prototypes -Wpointer-arith -Wshadow -Wstrict-prototypes -Wundef -Wunused -Wwrite-strings -Wextra-semi-stmt -Wimplicit-int-conversion -Wnull-dereference -DSYSCONFDIR="\"/usr/local/etc\"" -I"./linux" -O0 -g -MT linux/Compat.o -MD -MP -MF $depbase.Tpo -c -o linux/Compat.o linux/Compat.c &&\
mv -f $depbase.Tpo $depbase.Po
depbase=`echo linux/GPU.o | sed 's|[^/]*$|.deps/&|;s|\.o$||'`;\
/home/lxh/Projects/NSPA/workspace/htop-bc/wrappers/clang-bc -DHAVE_CONFIG_H -I.  -I/usr/include/libunwind -DNDEBUG  -std=c99 -pedantic -D_DEFAULT_SOURCE -D_XOPEN_SOURCE=600  -Wall -Wcast-align -Wcast-qual -Wextra -Wfloat-equal -Wformat=2 -Winit-self -Wmissing-format-attribute -Wmissing-noreturn -Wmissing-prototypes -Wpointer-arith -Wshadow -Wstrict-prototypes -Wundef -Wunused -Wwrite-strings -Wextra-semi-stmt -Wimplicit-int-conversion -Wnull-dereference -DSYSCONFDIR="\"/usr/local/etc\"" -I"./linux" -O0 -g -MT linux/GPU.o -MD -MP -MF $depbase.Tpo -c -o linux/GPU.o linux/GPU.c &&\
mv -f $depbase.Tpo $depbase.Po
depbase=`echo linux/HugePageMeter.o | sed 's|[^/]*$|.deps/&|;s|\.o$||'`;\
/home/lxh/Projects/NSPA/workspace/htop-bc/wrappers/clang-bc -DHAVE_CONFIG_H -I.  -I/usr/include/libunwind -DNDEBUG  -std=c99 -pedantic -D_DEFAULT_SOURCE -D_XOPEN_SOURCE=600  -Wall -Wcast-align -Wcast-qual -Wextra -Wfloat-equal -Wformat=2 -Winit-self -Wmissing-format-attribute -Wmissing-noreturn -Wmissing-prototypes -Wpointer-arith -Wshadow -Wstrict-prototypes -Wundef -Wunused -Wwrite-strings -Wextra-semi-stmt -Wimplicit-int-conversion -Wnull-dereference -DSYSCONFDIR="\"/usr/local/etc\"" -I"./linux" -O0 -g -MT linux/HugePageMeter.o -MD -MP -MF $depbase.Tpo -c -o linux/HugePageMeter.o linux/HugePageMeter.c &&\
mv -f $depbase.Tpo $depbase.Po
depbase=`echo linux/IOPriorityPanel.o | sed 's|[^/]*$|.deps/&|;s|\.o$||'`;\
/home/lxh/Projects/NSPA/workspace/htop-bc/wrappers/clang-bc -DHAVE_CONFIG_H -I.  -I/usr/include/libunwind -DNDEBUG  -std=c99 -pedantic -D_DEFAULT_SOURCE -D_XOPEN_SOURCE=600  -Wall -Wcast-align -Wcast-qual -Wextra -Wfloat-equal -Wformat=2 -Winit-self -Wmissing-format-attribute -Wmissing-noreturn -Wmissing-prototypes -Wpointer-arith -Wshadow -Wstrict-prototypes -Wundef -Wunused -Wwrite-strings -Wextra-semi-stmt -Wimplicit-int-conversion -Wnull-dereference -DSYSCONFDIR="\"/usr/local/etc\"" -I"./linux" -O0 -g -MT linux/IOPriorityPanel.o -MD -MP -MF $depbase.Tpo -c -o linux/IOPriorityPanel.o linux/IOPriorityPanel.c &&\
mv -f $depbase.Tpo $depbase.Po
depbase=`echo linux/LibSensors.o | sed 's|[^/]*$|.deps/&|;s|\.o$||'`;\
/home/lxh/Projects/NSPA/workspace/htop-bc/wrappers/clang-bc -DHAVE_CONFIG_H -I.  -I/usr/include/libunwind -DNDEBUG  -std=c99 -pedantic -D_DEFAULT_SOURCE -D_XOPEN_SOURCE=600  -Wall -Wcast-align -Wcast-qual -Wextra -Wfloat-equal -Wformat=2 -Winit-self -Wmissing-format-attribute -Wmissing-noreturn -Wmissing-prototypes -Wpointer-arith -Wshadow -Wstrict-prototypes -Wundef -Wunused -Wwrite-strings -Wextra-semi-stmt -Wimplicit-int-conversion -Wnull-dereference -DSYSCONFDIR="\"/usr/local/etc\"" -I"./linux" -O0 -g -MT linux/LibSensors.o -MD -MP -MF $depbase.Tpo -c -o linux/LibSensors.o linux/LibSensors.c &&\
mv -f $depbase.Tpo $depbase.Po
depbase=`echo linux/LinuxMachine.o | sed 's|[^/]*$|.deps/&|;s|\.o$||'`;\
/home/lxh/Projects/NSPA/workspace/htop-bc/wrappers/clang-bc -DHAVE_CONFIG_H -I.  -I/usr/include/libunwind -DNDEBUG  -std=c99 -pedantic -D_DEFAULT_SOURCE -D_XOPEN_SOURCE=600  -Wall -Wcast-align -Wcast-qual -Wextra -Wfloat-equal -Wformat=2 -Winit-self -Wmissing-format-attribute -Wmissing-noreturn -Wmissing-prototypes -Wpointer-arith -Wshadow -Wstrict-prototypes -Wundef -Wunused -Wwrite-strings -Wextra-semi-stmt -Wimplicit-int-conversion -Wnull-dereference -DSYSCONFDIR="\"/usr/local/etc\"" -I"./linux" -O0 -g -MT linux/LinuxMachine.o -MD -MP -MF $depbase.Tpo -c -o linux/LinuxMachine.o linux/LinuxMachine.c &&\
mv -f $depbase.Tpo $depbase.Po
depbase=`echo linux/LinuxProcess.o | sed 's|[^/]*$|.deps/&|;s|\.o$||'`;\
/home/lxh/Projects/NSPA/workspace/htop-bc/wrappers/clang-bc -DHAVE_CONFIG_H -I.  -I/usr/include/libunwind -DNDEBUG  -std=c99 -pedantic -D_DEFAULT_SOURCE -D_XOPEN_SOURCE=600  -Wall -Wcast-align -Wcast-qual -Wextra -Wfloat-equal -Wformat=2 -Winit-self -Wmissing-format-attribute -Wmissing-noreturn -Wmissing-prototypes -Wpointer-arith -Wshadow -Wstrict-prototypes -Wundef -Wunused -Wwrite-strings -Wextra-semi-stmt -Wimplicit-int-conversion -Wnull-dereference -DSYSCONFDIR="\"/usr/local/etc\"" -I"./linux" -O0 -g -MT linux/LinuxProcess.o -MD -MP -MF $depbase.Tpo -c -o linux/LinuxProcess.o linux/LinuxProcess.c &&\
mv -f $depbase.Tpo $depbase.Po
depbase=`echo linux/LinuxProcessTable.o | sed 's|[^/]*$|.deps/&|;s|\.o$||'`;\
/home/lxh/Projects/NSPA/workspace/htop-bc/wrappers/clang-bc -DHAVE_CONFIG_H -I.  -I/usr/include/libunwind -DNDEBUG  -std=c99 -pedantic -D_DEFAULT_SOURCE -D_XOPEN_SOURCE=600  -Wall -Wcast-align -Wcast-qual -Wextra -Wfloat-equal -Wformat=2 -Winit-self -Wmissing-format-attribute -Wmissing-noreturn -Wmissing-prototypes -Wpointer-arith -Wshadow -Wstrict-prototypes -Wundef -Wunused -Wwrite-strings -Wextra-semi-stmt -Wimplicit-int-conversion -Wnull-dereference -DSYSCONFDIR="\"/usr/local/etc\"" -I"./linux" -O0 -g -MT linux/LinuxProcessTable.o -MD -MP -MF $depbase.Tpo -c -o linux/LinuxProcessTable.o linux/LinuxProcessTable.c &&\
mv -f $depbase.Tpo $depbase.Po
depbase=`echo linux/OpenRCMeter.o | sed 's|[^/]*$|.deps/&|;s|\.o$||'`;\
/home/lxh/Projects/NSPA/workspace/htop-bc/wrappers/clang-bc -DHAVE_CONFIG_H -I.  -I/usr/include/libunwind -DNDEBUG  -std=c99 -pedantic -D_DEFAULT_SOURCE -D_XOPEN_SOURCE=600  -Wall -Wcast-align -Wcast-qual -Wextra -Wfloat-equal -Wformat=2 -Winit-self -Wmissing-format-attribute -Wmissing-noreturn -Wmissing-prototypes -Wpointer-arith -Wshadow -Wstrict-prototypes -Wundef -Wunused -Wwrite-strings -Wextra-semi-stmt -Wimplicit-int-conversion -Wnull-dereference -DSYSCONFDIR="\"/usr/local/etc\"" -I"./linux" -O0 -g -MT linux/OpenRCMeter.o -MD -MP -MF $depbase.Tpo -c -o linux/OpenRCMeter.o linux/OpenRCMeter.c &&\
mv -f $depbase.Tpo $depbase.Po
depbase=`echo linux/Platform.o | sed 's|[^/]*$|.deps/&|;s|\.o$||'`;\
/home/lxh/Projects/NSPA/workspace/htop-bc/wrappers/clang-bc -DHAVE_CONFIG_H -I.  -I/usr/include/libunwind -DNDEBUG  -std=c99 -pedantic -D_DEFAULT_SOURCE -D_XOPEN_SOURCE=600  -Wall -Wcast-align -Wcast-qual -Wextra -Wfloat-equal -Wformat=2 -Winit-self -Wmissing-format-attribute -Wmissing-noreturn -Wmissing-prototypes -Wpointer-arith -Wshadow -Wstrict-prototypes -Wundef -Wunused -Wwrite-strings -Wextra-semi-stmt -Wimplicit-int-conversion -Wnull-dereference -DSYSCONFDIR="\"/usr/local/etc\"" -I"./linux" -O0 -g -MT linux/Platform.o -MD -MP -MF $depbase.Tpo -c -o linux/Platform.o linux/Platform.c &&\
mv -f $depbase.Tpo $depbase.Po
depbase=`echo linux/PressureStallMeter.o | sed 's|[^/]*$|.deps/&|;s|\.o$||'`;\
/home/lxh/Projects/NSPA/workspace/htop-bc/wrappers/clang-bc -DHAVE_CONFIG_H -I.  -I/usr/include/libunwind -DNDEBUG  -std=c99 -pedantic -D_DEFAULT_SOURCE -D_XOPEN_SOURCE=600  -Wall -Wcast-align -Wcast-qual -Wextra -Wfloat-equal -Wformat=2 -Winit-self -Wmissing-format-attribute -Wmissing-noreturn -Wmissing-prototypes -Wpointer-arith -Wshadow -Wstrict-prototypes -Wundef -Wunused -Wwrite-strings -Wextra-semi-stmt -Wimplicit-int-conversion -Wnull-dereference -DSYSCONFDIR="\"/usr/local/etc\"" -I"./linux" -O0 -g -MT linux/PressureStallMeter.o -MD -MP -MF $depbase.Tpo -c -o linux/PressureStallMeter.o linux/PressureStallMeter.c &&\
mv -f $depbase.Tpo $depbase.Po
depbase=`echo linux/SELinuxMeter.o | sed 's|[^/]*$|.deps/&|;s|\.o$||'`;\
/home/lxh/Projects/NSPA/workspace/htop-bc/wrappers/clang-bc -DHAVE_CONFIG_H -I.  -I/usr/include/libunwind -DNDEBUG  -std=c99 -pedantic -D_DEFAULT_SOURCE -D_XOPEN_SOURCE=600  -Wall -Wcast-align -Wcast-qual -Wextra -Wfloat-equal -Wformat=2 -Winit-self -Wmissing-format-attribute -Wmissing-noreturn -Wmissing-prototypes -Wpointer-arith -Wshadow -Wstrict-prototypes -Wundef -Wunused -Wwrite-strings -Wextra-semi-stmt -Wimplicit-int-conversion -Wnull-dereference -DSYSCONFDIR="\"/usr/local/etc\"" -I"./linux" -O0 -g -MT linux/SELinuxMeter.o -MD -MP -MF $depbase.Tpo -c -o linux/SELinuxMeter.o linux/SELinuxMeter.c &&\
mv -f $depbase.Tpo $depbase.Po
depbase=`echo linux/SystemdMeter.o | sed 's|[^/]*$|.deps/&|;s|\.o$||'`;\
/home/lxh/Projects/NSPA/workspace/htop-bc/wrappers/clang-bc -DHAVE_CONFIG_H -I.  -I/usr/include/libunwind -DNDEBUG  -std=c99 -pedantic -D_DEFAULT_SOURCE -D_XOPEN_SOURCE=600  -Wall -Wcast-align -Wcast-qual -Wextra -Wfloat-equal -Wformat=2 -Winit-self -Wmissing-format-attribute -Wmissing-noreturn -Wmissing-prototypes -Wpointer-arith -Wshadow -Wstrict-prototypes -Wundef -Wunused -Wwrite-strings -Wextra-semi-stmt -Wimplicit-int-conversion -Wnull-dereference -DSYSCONFDIR="\"/usr/local/etc\"" -I"./linux" -O0 -g -MT linux/SystemdMeter.o -MD -MP -MF $depbase.Tpo -c -o linux/SystemdMeter.o linux/SystemdMeter.c &&\
mv -f $depbase.Tpo $depbase.Po
depbase=`echo linux/ZramMeter.o | sed 's|[^/]*$|.deps/&|;s|\.o$||'`;\
/home/lxh/Projects/NSPA/workspace/htop-bc/wrappers/clang-bc -DHAVE_CONFIG_H -I.  -I/usr/include/libunwind -DNDEBUG  -std=c99 -pedantic -D_DEFAULT_SOURCE -D_XOPEN_SOURCE=600  -Wall -Wcast-align -Wcast-qual -Wextra -Wfloat-equal -Wformat=2 -Winit-self -Wmissing-format-attribute -Wmissing-noreturn -Wmissing-prototypes -Wpointer-arith -Wshadow -Wstrict-prototypes -Wundef -Wunused -Wwrite-strings -Wextra-semi-stmt -Wimplicit-int-conversion -Wnull-dereference -DSYSCONFDIR="\"/usr/local/etc\"" -I"./linux" -O0 -g -MT linux/ZramMeter.o -MD -MP -MF $depbase.Tpo -c -o linux/ZramMeter.o linux/ZramMeter.c &&\
mv -f $depbase.Tpo $depbase.Po
depbase=`echo zfs/ZfsArcMeter.o | sed 's|[^/]*$|.deps/&|;s|\.o$||'`;\
/home/lxh/Projects/NSPA/workspace/htop-bc/wrappers/clang-bc -DHAVE_CONFIG_H -I.  -I/usr/include/libunwind -DNDEBUG  -std=c99 -pedantic -D_DEFAULT_SOURCE -D_XOPEN_SOURCE=600  -Wall -Wcast-align -Wcast-qual -Wextra -Wfloat-equal -Wformat=2 -Winit-self -Wmissing-format-attribute -Wmissing-noreturn -Wmissing-prototypes -Wpointer-arith -Wshadow -Wstrict-prototypes -Wundef -Wunused -Wwrite-strings -Wextra-semi-stmt -Wimplicit-int-conversion -Wnull-dereference -DSYSCONFDIR="\"/usr/local/etc\"" -I"./linux" -O0 -g -MT zfs/ZfsArcMeter.o -MD -MP -MF $depbase.Tpo -c -o zfs/ZfsArcMeter.o zfs/ZfsArcMeter.c &&\
mv -f $depbase.Tpo $depbase.Po
depbase=`echo zfs/ZfsCompressedArcMeter.o | sed 's|[^/]*$|.deps/&|;s|\.o$||'`;\
/home/lxh/Projects/NSPA/workspace/htop-bc/wrappers/clang-bc -DHAVE_CONFIG_H -I.  -I/usr/include/libunwind -DNDEBUG  -std=c99 -pedantic -D_DEFAULT_SOURCE -D_XOPEN_SOURCE=600  -Wall -Wcast-align -Wcast-qual -Wextra -Wfloat-equal -Wformat=2 -Winit-self -Wmissing-format-attribute -Wmissing-noreturn -Wmissing-prototypes -Wpointer-arith -Wshadow -Wstrict-prototypes -Wundef -Wunused -Wwrite-strings -Wextra-semi-stmt -Wimplicit-int-conversion -Wnull-dereference -DSYSCONFDIR="\"/usr/local/etc\"" -I"./linux" -O0 -g -MT zfs/ZfsCompressedArcMeter.o -MD -MP -MF $depbase.Tpo -c -o zfs/ZfsCompressedArcMeter.o zfs/ZfsCompressedArcMeter.c &&\
mv -f $depbase.Tpo $depbase.Po
/home/lxh/Projects/NSPA/workspace/htop-bc/wrappers/clang-bc -std=c99 -pedantic -D_DEFAULT_SOURCE -D_XOPEN_SOURCE=600  -Wall -Wcast-align -Wcast-qual -Wextra -Wfloat-equal -Wformat=2 -Winit-self -Wmissing-format-attribute -Wmissing-noreturn -Wmissing-prototypes -Wpointer-arith -Wshadow -Wstrict-prototypes -Wundef -Wunused -Wwrite-strings -Wextra-semi-stmt -Wimplicit-int-conversion -Wnull-dereference -DSYSCONFDIR="\"/usr/local/etc\"" -I"./linux" -O0 -g -rdynamic   -o htop htop.o    Action.o Affinity.o AffinityPanel.o AvailableColumnsPanel.o AvailableMetersPanel.o BatteryMeter.o CategoriesPanel.o ColorsPanel.o ColumnsPanel.o CommandLine.o CommandScreen.o CPUMeter.o CRT.o DateTimeMeter.o DiskIOMeter.o DisplayOptionsPanel.o DynamicColumn.o DynamicMeter.o DynamicScreen.o EnvScreen.o FileDescriptorMeter.o FunctionBar.o Hashtable.o Header.o HeaderOptionsPanel.o HostnameMeter.o History.o IncSet.o InfoScreen.o LineEditor.o ListItem.o LoadAverageMeter.o Machine.o MainPanel.o MemoryMeter.o MemorySwapMeter.o Meter.o MetersPanel.o NetworkIOMeter.o Object.o OpenFilesScreen.o OptionItem.o Panel.o Process.o ProcessLocksScreen.o ProcessTable.o Row.o RichString.o Scheduling.o ScreenManager.o ScreensPanel.o ScreenTabsPanel.o Settings.o SignalsPanel.o SwapMeter.o SysArchMeter.o Table.o TasksMeter.o TraceScreen.o UptimeMeter.o UsersTable.o Vector.o XUtils.o   GPUMeter.o generic/gettime.o generic/hostname.o generic/uname.o linux/CGroupUtils.o linux/Compat.o linux/GPU.o linux/HugePageMeter.o linux/IOPriorityPanel.o linux/LibSensors.o linux/LinuxMachine.o linux/LinuxProcess.o linux/LinuxProcessTable.o linux/OpenRCMeter.o linux/Platform.o linux/PressureStallMeter.o linux/SELinuxMeter.o linux/SystemdMeter.o linux/ZramMeter.o zfs/ZfsArcMeter.o zfs/ZfsCompressedArcMeter.o    -lunwind -lncursesw -ltinfo -lm 
htop.o: file not recognized: file format not recognized
clang: error: linker command failed with exit code 1 (use -v to see invocation)
make[1]: *** [Makefile:1406: htop] Error 1
make[1]: Target 'all-am' not remade because of errors.
make[1]: Leaving directory '/home/lxh/Projects/NSPA/open-source-soft/htop-master'
make: *** [Makefile:1091: all] Error 2
