perl -I./perllib -I. ./tools/mkdep.pl -s . \
	-M ./Makefile.in -- . stdlib nasmlib include config output asm disasm x86 common zlib macros misc
/home/lxh/Projects/NSPA/workspace/nasm-bc/wrappers/clang-bc -c -Werror=attributes -O0 -g -DHAVE_CONFIG_H -I. -I. -I./include -I./include -I./x86 -I./x86 -I./asm -I./asm -I./disasm -I./disasm -I./output -I./output   -o asm/nasm.o asm/nasm.c
/home/lxh/Projects/NSPA/workspace/nasm-bc/wrappers/clang-bc -c -Werror=attributes -O0 -g -DHAVE_CONFIG_H -I. -I. -I./include -I./include -I./x86 -I./x86 -I./asm -I./asm -I./disasm -I./disasm -I./output -I./output   -o asm/error.o asm/error.c
/home/lxh/Projects/NSPA/workspace/nasm-bc/wrappers/clang-bc -c -Werror=attributes -O0 -g -DHAVE_CONFIG_H -I. -I. -I./include -I./include -I./x86 -I./x86 -I./asm -I./asm -I./disasm -I./disasm -I./output -I./output   -o asm/floats.o asm/floats.c
/home/lxh/Projects/NSPA/workspace/nasm-bc/wrappers/clang-bc -c -Werror=attributes -O0 -g -DHAVE_CONFIG_H -I. -I. -I./include -I./include -I./x86 -I./x86 -I./asm -I./asm -I./disasm -I./disasm -I./output -I./output   -o asm/directiv.o asm/directiv.c
/home/lxh/Projects/NSPA/workspace/nasm-bc/wrappers/clang-bc -c -Werror=attributes -O0 -g -DHAVE_CONFIG_H -I. -I. -I./include -I./include -I./x86 -I./x86 -I./asm -I./asm -I./disasm -I./disasm -I./output -I./output   -o asm/pragma.o asm/pragma.c
/home/lxh/Projects/NSPA/workspace/nasm-bc/wrappers/clang-bc -c -Werror=attributes -O0 -g -DHAVE_CONFIG_H -I. -I. -I./include -I./include -I./x86 -I./x86 -I./asm -I./asm -I./disasm -I./disasm -I./output -I./output   -o asm/assemble.o asm/assemble.c
/home/lxh/Projects/NSPA/workspace/nasm-bc/wrappers/clang-bc -c -Werror=attributes -O0 -g -DHAVE_CONFIG_H -I. -I. -I./include -I./include -I./x86 -I./x86 -I./asm -I./asm -I./disasm -I./disasm -I./output -I./output   -o asm/labels.o asm/labels.c
/home/lxh/Projects/NSPA/workspace/nasm-bc/wrappers/clang-bc -c -Werror=attributes -O0 -g -DHAVE_CONFIG_H -I. -I. -I./include -I./include -I./x86 -I./x86 -I./asm -I./asm -I./disasm -I./disasm -I./output -I./output   -o asm/parser.o asm/parser.c
/home/lxh/Projects/NSPA/workspace/nasm-bc/wrappers/clang-bc -c -Werror=attributes -O0 -g -DHAVE_CONFIG_H -I. -I. -I./include -I./include -I./x86 -I./x86 -I./asm -I./asm -I./disasm -I./disasm -I./output -I./output   -o asm/preproc.o asm/preproc.c
/home/lxh/Projects/NSPA/workspace/nasm-bc/wrappers/clang-bc -c -Werror=attributes -O0 -g -DHAVE_CONFIG_H -I. -I. -I./include -I./include -I./x86 -I./x86 -I./asm -I./asm -I./disasm -I./disasm -I./output -I./output   -o asm/quote.o asm/quote.c
/home/lxh/Projects/NSPA/workspace/nasm-bc/wrappers/clang-bc -c -Werror=attributes -O0 -g -DHAVE_CONFIG_H -I. -I. -I./include -I./include -I./x86 -I./x86 -I./asm -I./asm -I./disasm -I./disasm -I./output -I./output   -o asm/listing.o asm/listing.c
/home/lxh/Projects/NSPA/workspace/nasm-bc/wrappers/clang-bc -c -Werror=attributes -O0 -g -DHAVE_CONFIG_H -I. -I. -I./include -I./include -I./x86 -I./x86 -I./asm -I./asm -I./disasm -I./disasm -I./output -I./output   -o asm/eval.o asm/eval.c
/home/lxh/Projects/NSPA/workspace/nasm-bc/wrappers/clang-bc -c -Werror=attributes -O0 -g -DHAVE_CONFIG_H -I. -I. -I./include -I./include -I./x86 -I./x86 -I./asm -I./asm -I./disasm -I./disasm -I./output -I./output   -o asm/exprlib.o asm/exprlib.c
/home/lxh/Projects/NSPA/workspace/nasm-bc/wrappers/clang-bc -c -Werror=attributes -O0 -g -DHAVE_CONFIG_H -I. -I. -I./include -I./include -I./x86 -I./x86 -I./asm -I./asm -I./disasm -I./disasm -I./output -I./output   -o asm/exprdump.o asm/exprdump.c
/home/lxh/Projects/NSPA/workspace/nasm-bc/wrappers/clang-bc -c -Werror=attributes -O0 -g -DHAVE_CONFIG_H -I. -I. -I./include -I./include -I./x86 -I./x86 -I./asm -I./asm -I./disasm -I./disasm -I./output -I./output   -o asm/stdscan.o asm/stdscan.c
/home/lxh/Projects/NSPA/workspace/nasm-bc/wrappers/clang-bc -c -Werror=attributes -O0 -g -DHAVE_CONFIG_H -I. -I. -I./include -I./include -I./x86 -I./x86 -I./asm -I./asm -I./disasm -I./disasm -I./output -I./output   -o asm/getbool.o asm/getbool.c
/home/lxh/Projects/NSPA/workspace/nasm-bc/wrappers/clang-bc -c -Werror=attributes -O0 -g -DHAVE_CONFIG_H -I. -I. -I./include -I./include -I./x86 -I./x86 -I./asm -I./asm -I./disasm -I./disasm -I./output -I./output   -o asm/strfunc.o asm/strfunc.c
/home/lxh/Projects/NSPA/workspace/nasm-bc/wrappers/clang-bc -c -Werror=attributes -O0 -g -DHAVE_CONFIG_H -I. -I. -I./include -I./include -I./x86 -I./x86 -I./asm -I./asm -I./disasm -I./disasm -I./output -I./output   -o asm/segalloc.o asm/segalloc.c
/home/lxh/Projects/NSPA/workspace/nasm-bc/wrappers/clang-bc -c -Werror=attributes -O0 -g -DHAVE_CONFIG_H -I. -I. -I./include -I./include -I./x86 -I./x86 -I./asm -I./asm -I./disasm -I./disasm -I./output -I./output   -o asm/rdstrnum.o asm/rdstrnum.c
/home/lxh/Projects/NSPA/workspace/nasm-bc/wrappers/clang-bc -c -Werror=attributes -O0 -g -DHAVE_CONFIG_H -I. -I. -I./include -I./include -I./x86 -I./x86 -I./asm -I./asm -I./disasm -I./disasm -I./output -I./output   -o asm/srcfile.o asm/srcfile.c
/home/lxh/Projects/NSPA/workspace/nasm-bc/wrappers/clang-bc -c -Werror=attributes -O0 -g -DHAVE_CONFIG_H -I. -I. -I./include -I./include -I./x86 -I./x86 -I./asm -I./asm -I./disasm -I./disasm -I./output -I./output   -o asm/directbl.o asm/directbl.c
/home/lxh/Projects/NSPA/workspace/nasm-bc/wrappers/clang-bc -c -Werror=attributes -O0 -g -DHAVE_CONFIG_H -I. -I. -I./include -I./include -I./x86 -I./x86 -I./asm -I./asm -I./disasm -I./disasm -I./output -I./output   -o asm/pptok.o asm/pptok.c
/home/lxh/Projects/NSPA/workspace/nasm-bc/wrappers/clang-bc -c -Werror=attributes -O0 -g -DHAVE_CONFIG_H -I. -I. -I./include -I./include -I./x86 -I./x86 -I./asm -I./asm -I./disasm -I./disasm -I./output -I./output   -o asm/tokhash.o asm/tokhash.c
/home/lxh/Projects/NSPA/workspace/nasm-bc/wrappers/clang-bc -c -Werror=attributes -O0 -g -DHAVE_CONFIG_H -I. -I. -I./include -I./include -I./x86 -I./x86 -I./asm -I./asm -I./disasm -I./disasm -I./output -I./output   -o asm/uncompress.o asm/uncompress.c
/home/lxh/Projects/NSPA/workspace/nasm-bc/wrappers/clang-bc -c -Werror=attributes -O0 -g -DHAVE_CONFIG_H -I. -I. -I./include -I./include -I./x86 -I./x86 -I./asm -I./asm -I./disasm -I./disasm -I./output -I./output   -o macros/macros.o macros/macros.c
/home/lxh/Projects/NSPA/workspace/nasm-bc/wrappers/clang-bc -c -Werror=attributes -O0 -g -DHAVE_CONFIG_H -I. -I. -I./include -I./include -I./x86 -I./x86 -I./asm -I./asm -I./disasm -I./disasm -I./output -I./output   -o asm/warnings.o asm/warnings.c
/home/lxh/Projects/NSPA/workspace/nasm-bc/wrappers/clang-bc -c -Werror=attributes -O0 -g -DHAVE_CONFIG_H -I. -I. -I./include -I./include -I./x86 -I./x86 -I./asm -I./asm -I./disasm -I./disasm -I./output -I./output   -o output/outform.o output/outform.c
/home/lxh/Projects/NSPA/workspace/nasm-bc/wrappers/clang-bc -c -Werror=attributes -O0 -g -DHAVE_CONFIG_H -I. -I. -I./include -I./include -I./x86 -I./x86 -I./asm -I./asm -I./disasm -I./disasm -I./output -I./output   -o output/outlib.o output/outlib.c
/home/lxh/Projects/NSPA/workspace/nasm-bc/wrappers/clang-bc -c -Werror=attributes -O0 -g -DHAVE_CONFIG_H -I. -I. -I./include -I./include -I./x86 -I./x86 -I./asm -I./asm -I./disasm -I./disasm -I./output -I./output   -o output/nulldbg.o output/nulldbg.c
/home/lxh/Projects/NSPA/workspace/nasm-bc/wrappers/clang-bc -c -Werror=attributes -O0 -g -DHAVE_CONFIG_H -I. -I. -I./include -I./include -I./x86 -I./x86 -I./asm -I./asm -I./disasm -I./disasm -I./output -I./output   -o output/nullout.o output/nullout.c
/home/lxh/Projects/NSPA/workspace/nasm-bc/wrappers/clang-bc -c -Werror=attributes -O0 -g -DHAVE_CONFIG_H -I. -I. -I./include -I./include -I./x86 -I./x86 -I./asm -I./asm -I./disasm -I./disasm -I./output -I./output   -o output/outbin.o output/outbin.c
/home/lxh/Projects/NSPA/workspace/nasm-bc/wrappers/clang-bc -c -Werror=attributes -O0 -g -DHAVE_CONFIG_H -I. -I. -I./include -I./include -I./x86 -I./x86 -I./asm -I./asm -I./disasm -I./disasm -I./output -I./output   -o output/outaout.o output/outaout.c
/home/lxh/Projects/NSPA/workspace/nasm-bc/wrappers/clang-bc -c -Werror=attributes -O0 -g -DHAVE_CONFIG_H -I. -I. -I./include -I./include -I./x86 -I./x86 -I./asm -I./asm -I./disasm -I./disasm -I./output -I./output   -o output/outcoff.o output/outcoff.c
/home/lxh/Projects/NSPA/workspace/nasm-bc/wrappers/clang-bc -c -Werror=attributes -O0 -g -DHAVE_CONFIG_H -I. -I. -I./include -I./include -I./x86 -I./x86 -I./asm -I./asm -I./disasm -I./disasm -I./output -I./output   -o output/outelf.o output/outelf.c
/home/lxh/Projects/NSPA/workspace/nasm-bc/wrappers/clang-bc -c -Werror=attributes -O0 -g -DHAVE_CONFIG_H -I. -I. -I./include -I./include -I./x86 -I./x86 -I./asm -I./asm -I./disasm -I./disasm -I./output -I./output   -o output/outobj.o output/outobj.c
/home/lxh/Projects/NSPA/workspace/nasm-bc/wrappers/clang-bc -c -Werror=attributes -O0 -g -DHAVE_CONFIG_H -I. -I. -I./include -I./include -I./x86 -I./x86 -I./asm -I./asm -I./disasm -I./disasm -I./output -I./output   -o output/outas86.o output/outas86.c
/home/lxh/Projects/NSPA/workspace/nasm-bc/wrappers/clang-bc -c -Werror=attributes -O0 -g -DHAVE_CONFIG_H -I. -I. -I./include -I./include -I./x86 -I./x86 -I./asm -I./asm -I./disasm -I./disasm -I./output -I./output   -o output/outdbg.o output/outdbg.c
/home/lxh/Projects/NSPA/workspace/nasm-bc/wrappers/clang-bc -c -Werror=attributes -O0 -g -DHAVE_CONFIG_H -I. -I. -I./include -I./include -I./x86 -I./x86 -I./asm -I./asm -I./disasm -I./disasm -I./output -I./output   -o output/outieee.o output/outieee.c
/home/lxh/Projects/NSPA/workspace/nasm-bc/wrappers/clang-bc -c -Werror=attributes -O0 -g -DHAVE_CONFIG_H -I. -I. -I./include -I./include -I./x86 -I./x86 -I./asm -I./asm -I./disasm -I./disasm -I./output -I./output   -o output/outmacho.o output/outmacho.c
/home/lxh/Projects/NSPA/workspace/nasm-bc/wrappers/clang-bc -c -Werror=attributes -O0 -g -DHAVE_CONFIG_H -I. -I. -I./include -I./include -I./x86 -I./x86 -I./asm -I./asm -I./disasm -I./disasm -I./output -I./output   -o output/codeview.o output/codeview.c
/home/lxh/Projects/NSPA/workspace/nasm-bc/wrappers/clang-bc -c -Werror=attributes -O0 -g -DHAVE_CONFIG_H -I. -I. -I./include -I./include -I./x86 -I./x86 -I./asm -I./asm -I./disasm -I./disasm -I./output -I./output   -o stdlib/snprintf.o stdlib/snprintf.c
/home/lxh/Projects/NSPA/workspace/nasm-bc/wrappers/clang-bc -c -Werror=attributes -O0 -g -DHAVE_CONFIG_H -I. -I. -I./include -I./include -I./x86 -I./x86 -I./asm -I./asm -I./disasm -I./disasm -I./output -I./output   -o stdlib/vsnprintf.o stdlib/vsnprintf.c
/home/lxh/Projects/NSPA/workspace/nasm-bc/wrappers/clang-bc -c -Werror=attributes -O0 -g -DHAVE_CONFIG_H -I. -I. -I./include -I./include -I./x86 -I./x86 -I./asm -I./asm -I./disasm -I./disasm -I./output -I./output   -o stdlib/strlcpy.o stdlib/strlcpy.c
/home/lxh/Projects/NSPA/workspace/nasm-bc/wrappers/clang-bc -c -Werror=attributes -O0 -g -DHAVE_CONFIG_H -I. -I. -I./include -I./include -I./x86 -I./x86 -I./asm -I./asm -I./disasm -I./disasm -I./output -I./output   -o stdlib/strnlen.o stdlib/strnlen.c
/home/lxh/Projects/NSPA/workspace/nasm-bc/wrappers/clang-bc -c -Werror=attributes -O0 -g -DHAVE_CONFIG_H -I. -I. -I./include -I./include -I./x86 -I./x86 -I./asm -I./asm -I./disasm -I./disasm -I./output -I./output   -o nasmlib/ver.o nasmlib/ver.c
/home/lxh/Projects/NSPA/workspace/nasm-bc/wrappers/clang-bc -c -Werror=attributes -O0 -g -DHAVE_CONFIG_H -I. -I. -I./include -I./include -I./x86 -I./x86 -I./asm -I./asm -I./disasm -I./disasm -I./output -I./output   -o nasmlib/alloc.o nasmlib/alloc.c
/home/lxh/Projects/NSPA/workspace/nasm-bc/wrappers/clang-bc -c -Werror=attributes -O0 -g -DHAVE_CONFIG_H -I. -I. -I./include -I./include -I./x86 -I./x86 -I./asm -I./asm -I./disasm -I./disasm -I./output -I./output   -o nasmlib/asprintf.o nasmlib/asprintf.c
/home/lxh/Projects/NSPA/workspace/nasm-bc/wrappers/clang-bc -c -Werror=attributes -O0 -g -DHAVE_CONFIG_H -I. -I. -I./include -I./include -I./x86 -I./x86 -I./asm -I./asm -I./disasm -I./disasm -I./output -I./output   -o nasmlib/crc32b.o nasmlib/crc32b.c
/home/lxh/Projects/NSPA/workspace/nasm-bc/wrappers/clang-bc -c -Werror=attributes -O0 -g -DHAVE_CONFIG_H -I. -I. -I./include -I./include -I./x86 -I./x86 -I./asm -I./asm -I./disasm -I./disasm -I./output -I./output   -o nasmlib/crc64.o nasmlib/crc64.c
/home/lxh/Projects/NSPA/workspace/nasm-bc/wrappers/clang-bc -c -Werror=attributes -O0 -g -DHAVE_CONFIG_H -I. -I. -I./include -I./include -I./x86 -I./x86 -I./asm -I./asm -I./disasm -I./disasm -I./output -I./output   -o nasmlib/md5c.o nasmlib/md5c.c
/home/lxh/Projects/NSPA/workspace/nasm-bc/wrappers/clang-bc -c -Werror=attributes -O0 -g -DHAVE_CONFIG_H -I. -I. -I./include -I./include -I./x86 -I./x86 -I./asm -I./asm -I./disasm -I./disasm -I./output -I./output   -o nasmlib/string.o nasmlib/string.c
/home/lxh/Projects/NSPA/workspace/nasm-bc/wrappers/clang-bc -c -Werror=attributes -O0 -g -DHAVE_CONFIG_H -I. -I. -I./include -I./include -I./x86 -I./x86 -I./asm -I./asm -I./disasm -I./disasm -I./output -I./output   -o nasmlib/nctype.o nasmlib/nctype.c
/home/lxh/Projects/NSPA/workspace/nasm-bc/wrappers/clang-bc -c -Werror=attributes -O0 -g -DHAVE_CONFIG_H -I. -I. -I./include -I./include -I./x86 -I./x86 -I./asm -I./asm -I./disasm -I./disasm -I./output -I./output   -o nasmlib/file.o nasmlib/file.c
/home/lxh/Projects/NSPA/workspace/nasm-bc/wrappers/clang-bc -c -Werror=attributes -O0 -g -DHAVE_CONFIG_H -I. -I. -I./include -I./include -I./x86 -I./x86 -I./asm -I./asm -I./disasm -I./disasm -I./output -I./output   -o nasmlib/fileio.o nasmlib/fileio.c
/home/lxh/Projects/NSPA/workspace/nasm-bc/wrappers/clang-bc -c -Werror=attributes -O0 -g -DHAVE_CONFIG_H -I. -I. -I./include -I./include -I./x86 -I./x86 -I./asm -I./asm -I./disasm -I./disasm -I./output -I./output   -o nasmlib/mmap.o nasmlib/mmap.c
/home/lxh/Projects/NSPA/workspace/nasm-bc/wrappers/clang-bc -c -Werror=attributes -O0 -g -DHAVE_CONFIG_H -I. -I. -I./include -I./include -I./x86 -I./x86 -I./asm -I./asm -I./disasm -I./disasm -I./output -I./output   -o nasmlib/realpath.o nasmlib/realpath.c
/home/lxh/Projects/NSPA/workspace/nasm-bc/wrappers/clang-bc -c -Werror=attributes -O0 -g -DHAVE_CONFIG_H -I. -I. -I./include -I./include -I./x86 -I./x86 -I./asm -I./asm -I./disasm -I./disasm -I./output -I./output   -o nasmlib/path.o nasmlib/path.c
/home/lxh/Projects/NSPA/workspace/nasm-bc/wrappers/clang-bc -c -Werror=attributes -O0 -g -DHAVE_CONFIG_H -I. -I. -I./include -I./include -I./x86 -I./x86 -I./asm -I./asm -I./disasm -I./disasm -I./output -I./output   -o nasmlib/ilog2.o nasmlib/ilog2.c
/home/lxh/Projects/NSPA/workspace/nasm-bc/wrappers/clang-bc -c -Werror=attributes -O0 -g -DHAVE_CONFIG_H -I. -I. -I./include -I./include -I./x86 -I./x86 -I./asm -I./asm -I./disasm -I./disasm -I./output -I./output   -o nasmlib/numstr.o nasmlib/numstr.c
/home/lxh/Projects/NSPA/workspace/nasm-bc/wrappers/clang-bc -c -Werror=attributes -O0 -g -DHAVE_CONFIG_H -I. -I. -I./include -I./include -I./x86 -I./x86 -I./asm -I./asm -I./disasm -I./disasm -I./output -I./output   -o nasmlib/rlimit.o nasmlib/rlimit.c
/home/lxh/Projects/NSPA/workspace/nasm-bc/wrappers/clang-bc -c -Werror=attributes -O0 -g -DHAVE_CONFIG_H -I. -I. -I./include -I./include -I./x86 -I./x86 -I./asm -I./asm -I./disasm -I./disasm -I./output -I./output   -o nasmlib/zerobuf.o nasmlib/zerobuf.c
/home/lxh/Projects/NSPA/workspace/nasm-bc/wrappers/clang-bc -c -Werror=attributes -O0 -g -DHAVE_CONFIG_H -I. -I. -I./include -I./include -I./x86 -I./x86 -I./asm -I./asm -I./disasm -I./disasm -I./output -I./output   -o nasmlib/bsi.o nasmlib/bsi.c
/home/lxh/Projects/NSPA/workspace/nasm-bc/wrappers/clang-bc -c -Werror=attributes -O0 -g -DHAVE_CONFIG_H -I. -I. -I./include -I./include -I./x86 -I./x86 -I./asm -I./asm -I./disasm -I./disasm -I./output -I./output   -o nasmlib/rbtree.o nasmlib/rbtree.c
/home/lxh/Projects/NSPA/workspace/nasm-bc/wrappers/clang-bc -c -Werror=attributes -O0 -g -DHAVE_CONFIG_H -I. -I. -I./include -I./include -I./x86 -I./x86 -I./asm -I./asm -I./disasm -I./disasm -I./output -I./output   -o nasmlib/hashtbl.o nasmlib/hashtbl.c
/home/lxh/Projects/NSPA/workspace/nasm-bc/wrappers/clang-bc -c -Werror=attributes -O0 -g -DHAVE_CONFIG_H -I. -I. -I./include -I./include -I./x86 -I./x86 -I./asm -I./asm -I./disasm -I./disasm -I./output -I./output   -o nasmlib/raa.o nasmlib/raa.c
/home/lxh/Projects/NSPA/workspace/nasm-bc/wrappers/clang-bc -c -Werror=attributes -O0 -g -DHAVE_CONFIG_H -I. -I. -I./include -I./include -I./x86 -I./x86 -I./asm -I./asm -I./disasm -I./disasm -I./output -I./output   -o nasmlib/saa.o nasmlib/saa.c
/home/lxh/Projects/NSPA/workspace/nasm-bc/wrappers/clang-bc -c -Werror=attributes -O0 -g -DHAVE_CONFIG_H -I. -I. -I./include -I./include -I./x86 -I./x86 -I./asm -I./asm -I./disasm -I./disasm -I./output -I./output   -o nasmlib/strlist.o nasmlib/strlist.c
/home/lxh/Projects/NSPA/workspace/nasm-bc/wrappers/clang-bc -c -Werror=attributes -O0 -g -DHAVE_CONFIG_H -I. -I. -I./include -I./include -I./x86 -I./x86 -I./asm -I./asm -I./disasm -I./disasm -I./output -I./output   -o nasmlib/perfhash.o nasmlib/perfhash.c
/home/lxh/Projects/NSPA/workspace/nasm-bc/wrappers/clang-bc -c -Werror=attributes -O0 -g -DHAVE_CONFIG_H -I. -I. -I./include -I./include -I./x86 -I./x86 -I./asm -I./asm -I./disasm -I./disasm -I./output -I./output   -o nasmlib/badenum.o nasmlib/badenum.c
/home/lxh/Projects/NSPA/workspace/nasm-bc/wrappers/clang-bc -c -Werror=attributes -O0 -g -DHAVE_CONFIG_H -I. -I. -I./include -I./include -I./x86 -I./x86 -I./asm -I./asm -I./disasm -I./disasm -I./output -I./output   -o nasmlib/readnum.o nasmlib/readnum.c
/home/lxh/Projects/NSPA/workspace/nasm-bc/wrappers/clang-bc -c -Werror=attributes -O0 -g -DHAVE_CONFIG_H -I. -I. -I./include -I./include -I./x86 -I./x86 -I./asm -I./asm -I./disasm -I./disasm -I./output -I./output   -o common/common.o common/common.c
/home/lxh/Projects/NSPA/workspace/nasm-bc/wrappers/clang-bc -c -Werror=attributes -O0 -g -DHAVE_CONFIG_H -I. -I. -I./include -I./include -I./x86 -I./x86 -I./asm -I./asm -I./disasm -I./disasm -I./output -I./output   -o common/errstubs.o common/errstubs.c
/home/lxh/Projects/NSPA/workspace/nasm-bc/wrappers/clang-bc -c -Werror=attributes -O0 -g -DHAVE_CONFIG_H -I. -I. -I./include -I./include -I./x86 -I./x86 -I./asm -I./asm -I./disasm -I./disasm -I./output -I./output   -o x86/insnsa.o x86/insnsa.c
/home/lxh/Projects/NSPA/workspace/nasm-bc/wrappers/clang-bc -c -Werror=attributes -O0 -g -DHAVE_CONFIG_H -I. -I. -I./include -I./include -I./x86 -I./x86 -I./asm -I./asm -I./disasm -I./disasm -I./output -I./output   -o x86/insnsb.o x86/insnsb.c
/home/lxh/Projects/NSPA/workspace/nasm-bc/wrappers/clang-bc -c -Werror=attributes -O0 -g -DHAVE_CONFIG_H -I. -I. -I./include -I./include -I./x86 -I./x86 -I./asm -I./asm -I./disasm -I./disasm -I./output -I./output   -o x86/insnsn.o x86/insnsn.c
/home/lxh/Projects/NSPA/workspace/nasm-bc/wrappers/clang-bc -c -Werror=attributes -O0 -g -DHAVE_CONFIG_H -I. -I. -I./include -I./include -I./x86 -I./x86 -I./asm -I./asm -I./disasm -I./disasm -I./output -I./output   -o x86/regs.o x86/regs.c
/home/lxh/Projects/NSPA/workspace/nasm-bc/wrappers/clang-bc -c -Werror=attributes -O0 -g -DHAVE_CONFIG_H -I. -I. -I./include -I./include -I./x86 -I./x86 -I./asm -I./asm -I./disasm -I./disasm -I./output -I./output   -o x86/regvals.o x86/regvals.c
/home/lxh/Projects/NSPA/workspace/nasm-bc/wrappers/clang-bc -c -Werror=attributes -O0 -g -DHAVE_CONFIG_H -I. -I. -I./include -I./include -I./x86 -I./x86 -I./asm -I./asm -I./disasm -I./disasm -I./output -I./output   -o x86/regflags.o x86/regflags.c
/home/lxh/Projects/NSPA/workspace/nasm-bc/wrappers/clang-bc -c -Werror=attributes -O0 -g -DHAVE_CONFIG_H -I. -I. -I./include -I./include -I./x86 -I./x86 -I./asm -I./asm -I./disasm -I./disasm -I./output -I./output   -o x86/iflag.o x86/iflag.c
/home/lxh/Projects/NSPA/workspace/nasm-bc/wrappers/clang-bc -c -Werror=attributes -O0 -g -DHAVE_CONFIG_H -I. -I. -I./include -I./include -I./x86 -I./x86 -I./asm -I./asm -I./disasm -I./disasm -I./output -I./output   -o disasm/ndisasm.o disasm/ndisasm.c
/home/lxh/Projects/NSPA/workspace/nasm-bc/wrappers/clang-bc -c -Werror=attributes -O0 -g -DHAVE_CONFIG_H -I. -I. -I./include -I./include -I./x86 -I./x86 -I./asm -I./asm -I./disasm -I./disasm -I./output -I./output   -o disasm/disasm.o disasm/disasm.c
/home/lxh/Projects/NSPA/workspace/nasm-bc/wrappers/clang-bc -c -Werror=attributes -O0 -g -DHAVE_CONFIG_H -I. -I. -I./include -I./include -I./x86 -I./x86 -I./asm -I./asm -I./disasm -I./disasm -I./output -I./output   -o disasm/sync.o disasm/sync.c
/home/lxh/Projects/NSPA/workspace/nasm-bc/wrappers/clang-bc -c -Werror=attributes -O0 -g -DHAVE_CONFIG_H -I. -I. -I./include -I./include -I./x86 -I./x86 -I./asm -I./asm -I./disasm -I./disasm -I./output -I./output   -o disasm/prefix.o disasm/prefix.c
/home/lxh/Projects/NSPA/workspace/nasm-bc/wrappers/clang-bc -c -Werror=attributes -O0 -g -DHAVE_CONFIG_H -I. -I. -I./include -I./include -I./x86 -I./x86 -I./asm -I./asm -I./disasm -I./disasm -I./output -I./output   -o disasm/diserror.o disasm/diserror.c
/home/lxh/Projects/NSPA/workspace/nasm-bc/wrappers/clang-bc -c -Werror=attributes -O0 -g -DHAVE_CONFIG_H -I. -I. -I./include -I./include -I./x86 -I./x86 -I./asm -I./asm -I./disasm -I./disasm -I./output -I./output   -o x86/insnsd.o x86/insnsd.c
/home/lxh/Projects/NSPA/workspace/nasm-bc/wrappers/clang-bc -c -Werror=attributes -O0 -g -DHAVE_CONFIG_H -I. -I. -I./include -I./include -I./x86 -I./x86 -I./asm -I./asm -I./disasm -I./disasm -I./output -I./output   -o x86/regdis.o x86/regdis.c
rm -f libasm.a
llvm-ar cq libasm.a asm/error.o asm/floats.o asm/directiv.o asm/pragma.o asm/assemble.o asm/labels.o asm/parser.o asm/preproc.o asm/quote.o asm/listing.o asm/eval.o asm/exprlib.o asm/exprdump.o asm/stdscan.o asm/getbool.o asm/strfunc.o asm/segalloc.o asm/rdstrnum.o asm/srcfile.o asm/directbl.o asm/pptok.o asm/tokhash.o asm/uncompress.o macros/macros.o asm/warnings.o output/outform.o output/outlib.o output/nulldbg.o output/nullout.o output/outbin.o output/outaout.o output/outcoff.o output/outelf.o output/outobj.o output/outas86.o output/outdbg.o output/outieee.o output/outmacho.o output/codeview.o
llvm-ranlib libasm.a
rm -f libdis.a
llvm-ar cq libdis.a disasm/disasm.o disasm/sync.o disasm/prefix.o disasm/diserror.o x86/insnsd.o x86/regdis.o
llvm-ranlib libdis.a
rm -f libnasm.a
llvm-ar cq libnasm.a stdlib/snprintf.o stdlib/vsnprintf.o stdlib/strlcpy.o stdlib/strnlen.o nasmlib/ver.o nasmlib/alloc.o nasmlib/asprintf.o nasmlib/crc32b.o nasmlib/crc64.o nasmlib/md5c.o nasmlib/string.o nasmlib/nctype.o nasmlib/file.o nasmlib/fileio.o nasmlib/mmap.o nasmlib/realpath.o nasmlib/path.o nasmlib/ilog2.o nasmlib/numstr.o nasmlib/rlimit.o nasmlib/zerobuf.o nasmlib/bsi.o nasmlib/rbtree.o nasmlib/hashtbl.o nasmlib/raa.o nasmlib/saa.o nasmlib/strlist.o nasmlib/perfhash.o nasmlib/badenum.o nasmlib/readnum.o common/common.o common/errstubs.o x86/insnsa.o x86/insnsb.o x86/insnsn.o x86/regs.o x86/regvals.o x86/regflags.o x86/iflag.o 
llvm-ranlib libnasm.a
/home/lxh/Projects/NSPA/workspace/nasm-bc/wrappers/clang-bc -Werror=attributes -O0 -g -DHAVE_CONFIG_H -I. -I. -I./include -I./include -I./x86 -I./x86 -I./asm -I./asm -I./disasm -I./disasm -I./output -I./output   -Wl,--as-needed -Wl,--gc-sections  -o nasm asm/nasm.o  \
	libasm.a libnasm.a -lz 
/home/lxh/Projects/NSPA/workspace/nasm-bc/wrappers/clang-bc -Werror=attributes -O0 -g -DHAVE_CONFIG_H -I. -I. -I./include -I./include -I./x86 -I./x86 -I./asm -I./asm -I./disasm -I./disasm -I./output -I./output   -Wl,--as-needed -Wl,--gc-sections  -o ndisasm disasm/ndisasm.o  \
	libdis.a libnasm.a -lz 
asm/nasm.o: file not recognized: file format not recognized
disasm/ndisasm.o: file not recognized: file format not recognized
clang: error: linker command failed with exit code 1 (use -v to see invocation)
clang: error: linker command failed with exit code 1 (use -v to see invocation)
make: *** [Makefile:258: nasm] Error 1
make: *** [Makefile:262: ndisasm] Error 1
make: Target 'all' not remade because of errors.
